{"/home/runner/TypedVectors/src/int16Vector.js":{"path":"/home/runner/TypedVectors/src/int16Vector.js","statementMap":{"0":{"start":{"line":1,"column":0},"end":{"line":359,"column":1}},"1":{"start":{"line":3,"column":1},"end":{"line":7,"column":2}},"2":{"start":{"line":4,"column":2},"end":{"line":6,"column":4}},"3":{"start":{"line":10,"column":14},"end":{"line":10,"column":15}},"4":{"start":{"line":11,"column":14},"end":{"line":11,"column":43}},"5":{"start":{"line":12,"column":12},"end":{"line":12,"column":32}},"6":{"start":{"line":13,"column":12},"end":{"line":13,"column":30}},"7":{"start":{"line":14,"column":16},"end":{"line":14,"column":22}},"8":{"start":{"line":15,"column":1},"end":{"line":19,"column":2}},"9":{"start":{"line":16,"column":4},"end":{"line":18,"column":4}},"10":{"start":{"line":16,"column":16},"end":{"line":16,"column":17}},"11":{"start":{"line":17,"column":5},"end":{"line":17,"column":35}},"12":{"start":{"line":22,"column":11},"end":{"line":22,"column":17}},"13":{"start":{"line":23,"column":11},"end":{"line":23,"column":16}},"14":{"start":{"line":25,"column":3},"end":{"line":25,"column":15}},"15":{"start":{"line":28,"column":4},"end":{"line":28,"column":18}},"16":{"start":{"line":31,"column":3},"end":{"line":31,"column":15}},"17":{"start":{"line":34,"column":3},"end":{"line":34,"column":19}},"18":{"start":{"line":37,"column":3},"end":{"line":37,"column":51}},"19":{"start":{"line":37,"column":34},"end":{"line":37,"column":51}},"20":{"start":{"line":38,"column":3},"end":{"line":38,"column":37}},"21":{"start":{"line":41,"column":3},"end":{"line":41,"column":51}},"22":{"start":{"line":41,"column":34},"end":{"line":41,"column":51}},"23":{"start":{"line":42,"column":3},"end":{"line":42,"column":37}},"24":{"start":{"line":43,"column":4},"end":{"line":43,"column":16}},"25":{"start":{"line":46,"column":3},"end":{"line":46,"column":35}},"26":{"start":{"line":46,"column":18},"end":{"line":46,"column":35}},"27":{"start":{"line":47,"column":3},"end":{"line":47,"column":27}},"28":{"start":{"line":50,"column":3},"end":{"line":50,"column":35}},"29":{"start":{"line":50,"column":18},"end":{"line":50,"column":35}},"30":{"start":{"line":51,"column":3},"end":{"line":51,"column":42}},"31":{"start":{"line":54,"column":3},"end":{"line":54,"column":41}},"32":{"start":{"line":54,"column":24},"end":{"line":54,"column":41}},"33":{"start":{"line":55,"column":3},"end":{"line":55,"column":38}},"34":{"start":{"line":58,"column":3},"end":{"line":58,"column":35}},"35":{"start":{"line":58,"column":18},"end":{"line":58,"column":35}},"36":{"start":{"line":59,"column":3},"end":{"line":59,"column":44}},"37":{"start":{"line":64,"column":3},"end":{"line":68,"column":4}},"38":{"start":{"line":65,"column":5},"end":{"line":65,"column":14}},"39":{"start":{"line":67,"column":5},"end":{"line":67,"column":25}},"40":{"start":{"line":69,"column":3},"end":{"line":69,"column":38}},"41":{"start":{"line":70,"column":17},"end":{"line":70,"column":35}},"42":{"start":{"line":71,"column":4},"end":{"line":73,"column":5}},"43":{"start":{"line":71,"column":16},"end":{"line":71,"column":17}},"44":{"start":{"line":72,"column":6},"end":{"line":72,"column":53}},"45":{"start":{"line":74,"column":4},"end":{"line":74,"column":18}},"46":{"start":{"line":75,"column":4},"end":{"line":75,"column":16}},"47":{"start":{"line":76,"column":4},"end":{"line":76,"column":20}},"48":{"start":{"line":79,"column":4},"end":{"line":88,"column":5}},"49":{"start":{"line":80,"column":19},"end":{"line":80,"column":46}},"50":{"start":{"line":81,"column":19},"end":{"line":81,"column":37}},"51":{"start":{"line":82,"column":6},"end":{"line":84,"column":7}},"52":{"start":{"line":82,"column":18},"end":{"line":82,"column":19}},"53":{"start":{"line":83,"column":8},"end":{"line":83,"column":49}},"54":{"start":{"line":85,"column":6},"end":{"line":85,"column":22}},"55":{"start":{"line":86,"column":6},"end":{"line":86,"column":20}},"56":{"start":{"line":87,"column":6},"end":{"line":87,"column":18}},"57":{"start":{"line":91,"column":4},"end":{"line":91,"column":22}},"58":{"start":{"line":94,"column":4},"end":{"line":103,"column":5}},"59":{"start":{"line":95,"column":19},"end":{"line":95,"column":53}},"60":{"start":{"line":96,"column":19},"end":{"line":96,"column":37}},"61":{"start":{"line":97,"column":6},"end":{"line":99,"column":7}},"62":{"start":{"line":97,"column":18},"end":{"line":97,"column":19}},"63":{"start":{"line":98,"column":8},"end":{"line":98,"column":55}},"64":{"start":{"line":100,"column":6},"end":{"line":100,"column":29}},"65":{"start":{"line":101,"column":6},"end":{"line":101,"column":20}},"66":{"start":{"line":102,"column":6},"end":{"line":102,"column":18}},"67":{"start":{"line":106,"column":4},"end":{"line":106,"column":13}},"68":{"start":{"line":110,"column":4},"end":{"line":112,"column":5}},"69":{"start":{"line":111,"column":6},"end":{"line":111,"column":150}},"70":{"start":{"line":113,"column":4},"end":{"line":115,"column":5}},"71":{"start":{"line":114,"column":6},"end":{"line":114,"column":129}},"72":{"start":{"line":118,"column":4},"end":{"line":208,"column":5}},"73":{"start":{"line":120,"column":6},"end":{"line":122,"column":7}},"74":{"start":{"line":121,"column":8},"end":{"line":121,"column":30}},"75":{"start":{"line":123,"column":6},"end":{"line":137,"column":7}},"76":{"start":{"line":125,"column":8},"end":{"line":127,"column":9}},"77":{"start":{"line":125,"column":20},"end":{"line":125,"column":24}},"78":{"start":{"line":126,"column":11},"end":{"line":126,"column":41}},"79":{"start":{"line":130,"column":8},"end":{"line":132,"column":9}},"80":{"start":{"line":130,"column":20},"end":{"line":130,"column":28}},"81":{"start":{"line":131,"column":10},"end":{"line":131,"column":67}},"82":{"start":{"line":134,"column":8},"end":{"line":136,"column":9}},"83":{"start":{"line":134,"column":20},"end":{"line":134,"column":21}},"84":{"start":{"line":135,"column":10},"end":{"line":135,"column":50}},"85":{"start":{"line":138,"column":6},"end":{"line":138,"column":20}},"86":{"start":{"line":139,"column":11},"end":{"line":208,"column":5}},"87":{"start":{"line":140,"column":18},"end":{"line":140,"column":40}},"88":{"start":{"line":142,"column":6},"end":{"line":144,"column":7}},"89":{"start":{"line":143,"column":8},"end":{"line":143,"column":28}},"90":{"start":{"line":145,"column":6},"end":{"line":159,"column":7}},"91":{"start":{"line":147,"column":8},"end":{"line":149,"column":9}},"92":{"start":{"line":147,"column":20},"end":{"line":147,"column":21}},"93":{"start":{"line":148,"column":10},"end":{"line":148,"column":67}},"94":{"start":{"line":152,"column":8},"end":{"line":154,"column":9}},"95":{"start":{"line":152,"column":20},"end":{"line":152,"column":28}},"96":{"start":{"line":153,"column":10},"end":{"line":153,"column":65}},"97":{"start":{"line":156,"column":8},"end":{"line":158,"column":9}},"98":{"start":{"line":156,"column":20},"end":{"line":156,"column":21}},"99":{"start":{"line":157,"column":10},"end":{"line":157,"column":68}},"100":{"start":{"line":160,"column":6},"end":{"line":160,"column":18}},"101":{"start":{"line":161,"column":11},"end":{"line":208,"column":5}},"102":{"start":{"line":162,"column":18},"end":{"line":162,"column":30}},"103":{"start":{"line":164,"column":6},"end":{"line":166,"column":7}},"104":{"start":{"line":165,"column":8},"end":{"line":165,"column":28}},"105":{"start":{"line":167,"column":6},"end":{"line":181,"column":7}},"106":{"start":{"line":169,"column":8},"end":{"line":171,"column":9}},"107":{"start":{"line":169,"column":20},"end":{"line":169,"column":21}},"108":{"start":{"line":170,"column":10},"end":{"line":170,"column":52}},"109":{"start":{"line":174,"column":8},"end":{"line":176,"column":9}},"110":{"start":{"line":174,"column":20},"end":{"line":174,"column":28}},"111":{"start":{"line":175,"column":10},"end":{"line":175,"column":65}},"112":{"start":{"line":178,"column":8},"end":{"line":180,"column":9}},"113":{"start":{"line":178,"column":20},"end":{"line":178,"column":21}},"114":{"start":{"line":179,"column":10},"end":{"line":179,"column":53}},"115":{"start":{"line":182,"column":6},"end":{"line":182,"column":18}},"116":{"start":{"line":183,"column":11},"end":{"line":208,"column":5}},"117":{"start":{"line":184,"column":22},"end":{"line":184,"column":41}},"118":{"start":{"line":185,"column":18},"end":{"line":185,"column":42}},"119":{"start":{"line":187,"column":6},"end":{"line":189,"column":7}},"120":{"start":{"line":188,"column":8},"end":{"line":188,"column":28}},"121":{"start":{"line":190,"column":6},"end":{"line":204,"column":7}},"122":{"start":{"line":192,"column":8},"end":{"line":194,"column":9}},"123":{"start":{"line":192,"column":20},"end":{"line":192,"column":21}},"124":{"start":{"line":193,"column":10},"end":{"line":193,"column":69}},"125":{"start":{"line":197,"column":8},"end":{"line":199,"column":9}},"126":{"start":{"line":197,"column":20},"end":{"line":197,"column":28}},"127":{"start":{"line":198,"column":10},"end":{"line":198,"column":65}},"128":{"start":{"line":201,"column":8},"end":{"line":203,"column":9}},"129":{"start":{"line":201,"column":20},"end":{"line":201,"column":21}},"130":{"start":{"line":202,"column":10},"end":{"line":202,"column":70}},"131":{"start":{"line":205,"column":6},"end":{"line":205,"column":18}},"132":{"start":{"line":207,"column":6},"end":{"line":207,"column":23}},"133":{"start":{"line":209,"column":4},"end":{"line":209,"column":16}},"134":{"start":{"line":213,"column":4},"end":{"line":228,"column":5}},"135":{"start":{"line":214,"column":6},"end":{"line":216,"column":7}},"136":{"start":{"line":215,"column":8},"end":{"line":215,"column":243}},"137":{"start":{"line":218,"column":6},"end":{"line":223,"column":7}},"138":{"start":{"line":219,"column":8},"end":{"line":222,"column":9}},"139":{"start":{"line":219,"column":20},"end":{"line":219,"column":36}},"140":{"start":{"line":220,"column":25},"end":{"line":220,"column":37}},"141":{"start":{"line":221,"column":10},"end":{"line":221,"column":62}},"142":{"start":{"line":225,"column":6},"end":{"line":225,"column":23}},"143":{"start":{"line":227,"column":6},"end":{"line":227,"column":23}},"144":{"start":{"line":229,"column":4},"end":{"line":229,"column":16}},"145":{"start":{"line":232,"column":4},"end":{"line":234,"column":5}},"146":{"start":{"line":233,"column":6},"end":{"line":233,"column":23}},"147":{"start":{"line":235,"column":4},"end":{"line":239,"column":5}},"148":{"start":{"line":236,"column":6},"end":{"line":238,"column":7}},"149":{"start":{"line":237,"column":8},"end":{"line":237,"column":38}},"150":{"start":{"line":240,"column":4},"end":{"line":240,"column":19}},"151":{"start":{"line":243,"column":4},"end":{"line":243,"column":42}},"152":{"start":{"line":244,"column":4},"end":{"line":244,"column":37}},"153":{"start":{"line":245,"column":4},"end":{"line":245,"column":39}},"154":{"start":{"line":246,"column":4},"end":{"line":246,"column":33}},"155":{"start":{"line":249,"column":4},"end":{"line":251,"column":5}},"156":{"start":{"line":249,"column":16},"end":{"line":249,"column":17}},"157":{"start":{"line":250,"column":6},"end":{"line":250,"column":42}},"158":{"start":{"line":254,"column":16},"end":{"line":254,"column":66}},"159":{"start":{"line":255,"column":4},"end":{"line":257,"column":5}},"160":{"start":{"line":255,"column":16},"end":{"line":255,"column":17}},"161":{"start":{"line":256,"column":6},"end":{"line":256,"column":54}},"162":{"start":{"line":258,"column":4},"end":{"line":258,"column":15}},"163":{"start":{"line":261,"column":4},"end":{"line":263,"column":5}},"164":{"start":{"line":261,"column":16},"end":{"line":261,"column":17}},"165":{"start":{"line":262,"column":6},"end":{"line":262,"column":66}},"166":{"start":{"line":266,"column":4},"end":{"line":268,"column":5}},"167":{"start":{"line":266,"column":16},"end":{"line":266,"column":17}},"168":{"start":{"line":267,"column":6},"end":{"line":267,"column":71}},"169":{"start":{"line":269,"column":4},"end":{"line":269,"column":24}},"170":{"start":{"line":272,"column":4},"end":{"line":274,"column":5}},"171":{"start":{"line":272,"column":16},"end":{"line":272,"column":24}},"172":{"start":{"line":273,"column":6},"end":{"line":273,"column":71}},"173":{"start":{"line":275,"column":4},"end":{"line":275,"column":24}},"174":{"start":{"line":279,"column":16},"end":{"line":279,"column":66}},"175":{"start":{"line":280,"column":19},"end":{"line":280,"column":21}},"176":{"start":{"line":281,"column":20},"end":{"line":281,"column":21}},"177":{"start":{"line":282,"column":4},"end":{"line":295,"column":5}},"178":{"start":{"line":282,"column":16},"end":{"line":282,"column":17}},"179":{"start":{"line":283,"column":6},"end":{"line":294,"column":7}},"180":{"start":{"line":285,"column":8},"end":{"line":290,"column":9}},"181":{"start":{"line":286,"column":10},"end":{"line":286,"column":52}},"182":{"start":{"line":287,"column":10},"end":{"line":287,"column":21}},"183":{"start":{"line":289,"column":10},"end":{"line":289,"column":45}},"184":{"start":{"line":291,"column":8},"end":{"line":291,"column":20}},"185":{"start":{"line":293,"column":8},"end":{"line":293,"column":41}},"186":{"start":{"line":293,"column":28},"end":{"line":293,"column":41}},"187":{"start":{"line":296,"column":4},"end":{"line":296,"column":26}},"188":{"start":{"line":297,"column":4},"end":{"line":297,"column":15}},"189":{"start":{"line":301,"column":19},"end":{"line":301,"column":21}},"190":{"start":{"line":302,"column":20},"end":{"line":302,"column":21}},"191":{"start":{"line":303,"column":4},"end":{"line":315,"column":5}},"192":{"start":{"line":303,"column":16},"end":{"line":303,"column":17}},"193":{"start":{"line":304,"column":6},"end":{"line":314,"column":7}},"194":{"start":{"line":306,"column":8},"end":{"line":309,"column":9}},"195":{"start":{"line":307,"column":10},"end":{"line":307,"column":64}},"196":{"start":{"line":308,"column":10},"end":{"line":308,"column":21}},"197":{"start":{"line":312,"column":8},"end":{"line":312,"column":20}},"198":{"start":{"line":313,"column":8},"end":{"line":313,"column":41}},"199":{"start":{"line":313,"column":28},"end":{"line":313,"column":41}},"200":{"start":{"line":316,"column":4},"end":{"line":316,"column":22}},"201":{"start":{"line":319,"column":25},"end":{"line":348,"column":3}},"202":{"start":{"line":350,"column":2},"end":{"line":354,"column":4}},"203":{"start":{"line":351,"column":4},"end":{"line":353,"column":5}},"204":{"start":{"line":351,"column":16},"end":{"line":351,"column":17}},"205":{"start":{"line":352,"column":6},"end":{"line":352,"column":35}},"206":{"start":{"line":356,"column":2},"end":{"line":356,"column":32}},"207":{"start":{"line":358,"column":2},"end":{"line":358,"column":24}}},"fnMap":{"0":{"name":"int16Vector","decl":{"start":{"line":1,"column":26},"end":{"line":1,"column":37}},"loc":{"start":{"line":1,"column":61},"end":{"line":359,"column":1}},"line":1},"1":{"name":"getDataView","decl":{"start":{"line":24,"column":10},"end":{"line":24,"column":21}},"loc":{"start":{"line":24,"column":23},"end":{"line":26,"column":2}},"line":24},"2":{"name":"getArrayBuffer","decl":{"start":{"line":27,"column":11},"end":{"line":27,"column":25}},"loc":{"start":{"line":27,"column":27},"end":{"line":29,"column":3}},"line":27},"3":{"name":"getSize","decl":{"start":{"line":30,"column":10},"end":{"line":30,"column":17}},"loc":{"start":{"line":30,"column":19},"end":{"line":32,"column":2}},"line":30},"4":{"name":"getCapacity","decl":{"start":{"line":33,"column":10},"end":{"line":33,"column":21}},"loc":{"start":{"line":33,"column":23},"end":{"line":35,"column":2}},"line":33},"5":{"name":"at","decl":{"start":{"line":36,"column":10},"end":{"line":36,"column":12}},"loc":{"start":{"line":36,"column":23},"end":{"line":39,"column":2}},"line":36},"6":{"name":"set","decl":{"start":{"line":40,"column":10},"end":{"line":40,"column":13}},"loc":{"start":{"line":40,"column":35},"end":{"line":44,"column":2}},"line":40},"7":{"name":"front","decl":{"start":{"line":45,"column":10},"end":{"line":45,"column":15}},"loc":{"start":{"line":45,"column":17},"end":{"line":48,"column":2}},"line":45},"8":{"name":"back","decl":{"start":{"line":49,"column":10},"end":{"line":49,"column":14}},"loc":{"start":{"line":49,"column":16},"end":{"line":52,"column":2}},"line":49},"9":{"name":"pushBack","decl":{"start":{"line":53,"column":10},"end":{"line":53,"column":18}},"loc":{"start":{"line":53,"column":25},"end":{"line":56,"column":2}},"line":53},"10":{"name":"popBack","decl":{"start":{"line":57,"column":10},"end":{"line":57,"column":17}},"loc":{"start":{"line":57,"column":19},"end":{"line":60,"column":2}},"line":57},"11":{"name":"doubleCapacity","decl":{"start":{"line":61,"column":10},"end":{"line":61,"column":24}},"loc":{"start":{"line":61,"column":26},"end":{"line":77,"column":2}},"line":61},"12":{"name":"shrinkToFit","decl":{"start":{"line":78,"column":11},"end":{"line":78,"column":22}},"loc":{"start":{"line":78,"column":24},"end":{"line":89,"column":3}},"line":78},"13":{"name":"empty","decl":{"start":{"line":90,"column":11},"end":{"line":90,"column":16}},"loc":{"start":{"line":90,"column":18},"end":{"line":92,"column":3}},"line":90},"14":{"name":"reserve","decl":{"start":{"line":93,"column":11},"end":{"line":93,"column":18}},"loc":{"start":{"line":93,"column":31},"end":{"line":104,"column":3}},"line":93},"15":{"name":"clear","decl":{"start":{"line":105,"column":11},"end":{"line":105,"column":16}},"loc":{"start":{"line":105,"column":18},"end":{"line":107,"column":3}},"line":105},"16":{"name":"insert","decl":{"start":{"line":108,"column":11},"end":{"line":108,"column":17}},"loc":{"start":{"line":108,"column":50},"end":{"line":210,"column":3}},"line":108},"17":{"name":"erase","decl":{"start":{"line":211,"column":11},"end":{"line":211,"column":16}},"loc":{"start":{"line":211,"column":41},"end":{"line":230,"column":3}},"line":211},"18":{"name":"resize","decl":{"start":{"line":231,"column":11},"end":{"line":231,"column":17}},"loc":{"start":{"line":231,"column":37},"end":{"line":241,"column":3}},"line":231},"19":{"name":"swap","decl":{"start":{"line":242,"column":11},"end":{"line":242,"column":15}},"loc":{"start":{"line":242,"column":28},"end":{"line":247,"column":3}},"line":242},"20":{"name":"forEach","decl":{"start":{"line":248,"column":11},"end":{"line":248,"column":18}},"loc":{"start":{"line":248,"column":28},"end":{"line":252,"column":3}},"line":248},"21":{"name":"map","decl":{"start":{"line":253,"column":11},"end":{"line":253,"column":14}},"loc":{"start":{"line":253,"column":49},"end":{"line":259,"column":3}},"line":253},"22":{"name":"mapInPlace","decl":{"start":{"line":260,"column":11},"end":{"line":260,"column":21}},"loc":{"start":{"line":260,"column":31},"end":{"line":264,"column":3}},"line":260},"23":{"name":"reduce","decl":{"start":{"line":265,"column":11},"end":{"line":265,"column":17}},"loc":{"start":{"line":265,"column":45},"end":{"line":270,"column":3}},"line":265},"24":{"name":"reduceRight","decl":{"start":{"line":271,"column":11},"end":{"line":271,"column":22}},"loc":{"start":{"line":271,"column":50},"end":{"line":276,"column":3}},"line":271},"25":{"name":"filter","decl":{"start":{"line":278,"column":11},"end":{"line":278,"column":17}},"loc":{"start":{"line":278,"column":52},"end":{"line":298,"column":3}},"line":278},"26":{"name":"filterInPlace","decl":{"start":{"line":300,"column":11},"end":{"line":300,"column":24}},"loc":{"start":{"line":300,"column":34},"end":{"line":317,"column":3}},"line":300},"27":{"name":"(anonymous_27)","decl":{"start":{"line":350,"column":36},"end":{"line":350,"column":37}},"loc":{"start":{"line":350,"column":48},"end":{"line":354,"column":3}},"line":350}},"branchMap":{"0":{"loc":{"start":{"line":1,"column":38},"end":{"line":1,"column":48}},"type":"default-arg","locations":[{"start":{"line":1,"column":47},"end":{"line":1,"column":48}}],"line":1},"1":{"loc":{"start":{"line":1,"column":50},"end":{"line":1,"column":59}},"type":"default-arg","locations":[{"start":{"line":1,"column":58},"end":{"line":1,"column":59}}],"line":1},"2":{"loc":{"start":{"line":3,"column":1},"end":{"line":7,"column":2}},"type":"if","locations":[{"start":{"line":3,"column":1},"end":{"line":7,"column":2}},{"start":{"line":3,"column":1},"end":{"line":7,"column":2}}],"line":3},"3":{"loc":{"start":{"line":15,"column":1},"end":{"line":19,"column":2}},"type":"if","locations":[{"start":{"line":15,"column":1},"end":{"line":19,"column":2}},{"start":{"line":15,"column":1},"end":{"line":19,"column":2}}],"line":15},"4":{"loc":{"start":{"line":36,"column":13},"end":{"line":36,"column":22}},"type":"default-arg","locations":[{"start":{"line":36,"column":21},"end":{"line":36,"column":22}}],"line":36},"5":{"loc":{"start":{"line":37,"column":3},"end":{"line":37,"column":51}},"type":"if","locations":[{"start":{"line":37,"column":3},"end":{"line":37,"column":51}},{"start":{"line":37,"column":3},"end":{"line":37,"column":51}}],"line":37},"6":{"loc":{"start":{"line":37,"column":6},"end":{"line":37,"column":32}},"type":"binary-expr","locations":[{"start":{"line":37,"column":6},"end":{"line":37,"column":19}},{"start":{"line":37,"column":23},"end":{"line":37,"column":32}}],"line":37},"7":{"loc":{"start":{"line":40,"column":14},"end":{"line":40,"column":23}},"type":"default-arg","locations":[{"start":{"line":40,"column":22},"end":{"line":40,"column":23}}],"line":40},"8":{"loc":{"start":{"line":40,"column":25},"end":{"line":40,"column":34}},"type":"default-arg","locations":[{"start":{"line":40,"column":33},"end":{"line":40,"column":34}}],"line":40},"9":{"loc":{"start":{"line":41,"column":3},"end":{"line":41,"column":51}},"type":"if","locations":[{"start":{"line":41,"column":3},"end":{"line":41,"column":51}},{"start":{"line":41,"column":3},"end":{"line":41,"column":51}}],"line":41},"10":{"loc":{"start":{"line":41,"column":6},"end":{"line":41,"column":32}},"type":"binary-expr","locations":[{"start":{"line":41,"column":6},"end":{"line":41,"column":19}},{"start":{"line":41,"column":23},"end":{"line":41,"column":32}}],"line":41},"11":{"loc":{"start":{"line":46,"column":3},"end":{"line":46,"column":35}},"type":"if","locations":[{"start":{"line":46,"column":3},"end":{"line":46,"column":35}},{"start":{"line":46,"column":3},"end":{"line":46,"column":35}}],"line":46},"12":{"loc":{"start":{"line":50,"column":3},"end":{"line":50,"column":35}},"type":"if","locations":[{"start":{"line":50,"column":3},"end":{"line":50,"column":35}},{"start":{"line":50,"column":3},"end":{"line":50,"column":35}}],"line":50},"13":{"loc":{"start":{"line":54,"column":3},"end":{"line":54,"column":41}},"type":"if","locations":[{"start":{"line":54,"column":3},"end":{"line":54,"column":41}},{"start":{"line":54,"column":3},"end":{"line":54,"column":41}}],"line":54},"14":{"loc":{"start":{"line":58,"column":3},"end":{"line":58,"column":35}},"type":"if","locations":[{"start":{"line":58,"column":3},"end":{"line":58,"column":35}},{"start":{"line":58,"column":3},"end":{"line":58,"column":35}}],"line":58},"15":{"loc":{"start":{"line":64,"column":3},"end":{"line":68,"column":4}},"type":"if","locations":[{"start":{"line":64,"column":3},"end":{"line":68,"column":4}},{"start":{"line":64,"column":3},"end":{"line":68,"column":4}}],"line":64},"16":{"loc":{"start":{"line":79,"column":4},"end":{"line":88,"column":5}},"type":"if","locations":[{"start":{"line":79,"column":4},"end":{"line":88,"column":5}},{"start":{"line":79,"column":4},"end":{"line":88,"column":5}}],"line":79},"17":{"loc":{"start":{"line":94,"column":4},"end":{"line":103,"column":5}},"type":"if","locations":[{"start":{"line":94,"column":4},"end":{"line":103,"column":5}},{"start":{"line":94,"column":4},"end":{"line":103,"column":5}}],"line":94},"18":{"loc":{"start":{"line":108,"column":18},"end":{"line":108,"column":27}},"type":"default-arg","locations":[{"start":{"line":108,"column":26},"end":{"line":108,"column":27}}],"line":108},"19":{"loc":{"start":{"line":108,"column":29},"end":{"line":108,"column":38}},"type":"default-arg","locations":[{"start":{"line":108,"column":37},"end":{"line":108,"column":38}}],"line":108},"20":{"loc":{"start":{"line":108,"column":40},"end":{"line":108,"column":49}},"type":"default-arg","locations":[{"start":{"line":108,"column":48},"end":{"line":108,"column":49}}],"line":108},"21":{"loc":{"start":{"line":110,"column":4},"end":{"line":112,"column":5}},"type":"if","locations":[{"start":{"line":110,"column":4},"end":{"line":112,"column":5}},{"start":{"line":110,"column":4},"end":{"line":112,"column":5}}],"line":110},"22":{"loc":{"start":{"line":110,"column":7},"end":{"line":110,"column":32}},"type":"binary-expr","locations":[{"start":{"line":110,"column":7},"end":{"line":110,"column":19}},{"start":{"line":110,"column":23},"end":{"line":110,"column":32}}],"line":110},"23":{"loc":{"start":{"line":113,"column":4},"end":{"line":115,"column":5}},"type":"if","locations":[{"start":{"line":113,"column":4},"end":{"line":115,"column":5}},{"start":{"line":113,"column":4},"end":{"line":115,"column":5}}],"line":113},"24":{"loc":{"start":{"line":113,"column":7},"end":{"line":113,"column":35}},"type":"binary-expr","locations":[{"start":{"line":113,"column":7},"end":{"line":113,"column":16}},{"start":{"line":113,"column":20},"end":{"line":113,"column":35}}],"line":113},"25":{"loc":{"start":{"line":118,"column":4},"end":{"line":208,"column":5}},"type":"if","locations":[{"start":{"line":118,"column":4},"end":{"line":208,"column":5}},{"start":{"line":118,"column":4},"end":{"line":208,"column":5}}],"line":118},"26":{"loc":{"start":{"line":120,"column":6},"end":{"line":122,"column":7}},"type":"if","locations":[{"start":{"line":120,"column":6},"end":{"line":122,"column":7}},{"start":{"line":120,"column":6},"end":{"line":122,"column":7}}],"line":120},"27":{"loc":{"start":{"line":123,"column":6},"end":{"line":137,"column":7}},"type":"if","locations":[{"start":{"line":123,"column":6},"end":{"line":137,"column":7}},{"start":{"line":123,"column":6},"end":{"line":137,"column":7}}],"line":123},"28":{"loc":{"start":{"line":139,"column":11},"end":{"line":208,"column":5}},"type":"if","locations":[{"start":{"line":139,"column":11},"end":{"line":208,"column":5}},{"start":{"line":139,"column":11},"end":{"line":208,"column":5}}],"line":139},"29":{"loc":{"start":{"line":142,"column":6},"end":{"line":144,"column":7}},"type":"if","locations":[{"start":{"line":142,"column":6},"end":{"line":144,"column":7}},{"start":{"line":142,"column":6},"end":{"line":144,"column":7}}],"line":142},"30":{"loc":{"start":{"line":145,"column":6},"end":{"line":159,"column":7}},"type":"if","locations":[{"start":{"line":145,"column":6},"end":{"line":159,"column":7}},{"start":{"line":145,"column":6},"end":{"line":159,"column":7}}],"line":145},"31":{"loc":{"start":{"line":161,"column":11},"end":{"line":208,"column":5}},"type":"if","locations":[{"start":{"line":161,"column":11},"end":{"line":208,"column":5}},{"start":{"line":161,"column":11},"end":{"line":208,"column":5}}],"line":161},"32":{"loc":{"start":{"line":164,"column":6},"end":{"line":166,"column":7}},"type":"if","locations":[{"start":{"line":164,"column":6},"end":{"line":166,"column":7}},{"start":{"line":164,"column":6},"end":{"line":166,"column":7}}],"line":164},"33":{"loc":{"start":{"line":167,"column":6},"end":{"line":181,"column":7}},"type":"if","locations":[{"start":{"line":167,"column":6},"end":{"line":181,"column":7}},{"start":{"line":167,"column":6},"end":{"line":181,"column":7}}],"line":167},"34":{"loc":{"start":{"line":183,"column":11},"end":{"line":208,"column":5}},"type":"if","locations":[{"start":{"line":183,"column":11},"end":{"line":208,"column":5}},{"start":{"line":183,"column":11},"end":{"line":208,"column":5}}],"line":183},"35":{"loc":{"start":{"line":187,"column":6},"end":{"line":189,"column":7}},"type":"if","locations":[{"start":{"line":187,"column":6},"end":{"line":189,"column":7}},{"start":{"line":187,"column":6},"end":{"line":189,"column":7}}],"line":187},"36":{"loc":{"start":{"line":190,"column":6},"end":{"line":204,"column":7}},"type":"if","locations":[{"start":{"line":190,"column":6},"end":{"line":204,"column":7}},{"start":{"line":190,"column":6},"end":{"line":204,"column":7}}],"line":190},"37":{"loc":{"start":{"line":211,"column":17},"end":{"line":211,"column":26}},"type":"default-arg","locations":[{"start":{"line":211,"column":25},"end":{"line":211,"column":26}}],"line":211},"38":{"loc":{"start":{"line":211,"column":28},"end":{"line":211,"column":40}},"type":"default-arg","locations":[{"start":{"line":211,"column":39},"end":{"line":211,"column":40}}],"line":211},"39":{"loc":{"start":{"line":213,"column":4},"end":{"line":228,"column":5}},"type":"if","locations":[{"start":{"line":213,"column":4},"end":{"line":228,"column":5}},{"start":{"line":213,"column":4},"end":{"line":228,"column":5}}],"line":213},"40":{"loc":{"start":{"line":213,"column":7},"end":{"line":213,"column":45}},"type":"binary-expr","locations":[{"start":{"line":213,"column":7},"end":{"line":213,"column":15}},{"start":{"line":213,"column":19},"end":{"line":213,"column":29}},{"start":{"line":213,"column":33},"end":{"line":213,"column":45}}],"line":213},"41":{"loc":{"start":{"line":214,"column":6},"end":{"line":216,"column":7}},"type":"if","locations":[{"start":{"line":214,"column":6},"end":{"line":216,"column":7}},{"start":{"line":214,"column":6},"end":{"line":216,"column":7}}],"line":214},"42":{"loc":{"start":{"line":214,"column":9},"end":{"line":214,"column":70}},"type":"binary-expr","locations":[{"start":{"line":214,"column":9},"end":{"line":214,"column":21}},{"start":{"line":214,"column":25},"end":{"line":214,"column":43}},{"start":{"line":214,"column":47},"end":{"line":214,"column":70}}],"line":214},"43":{"loc":{"start":{"line":218,"column":6},"end":{"line":223,"column":7}},"type":"if","locations":[{"start":{"line":218,"column":6},"end":{"line":223,"column":7}},{"start":{"line":218,"column":6},"end":{"line":223,"column":7}}],"line":218},"44":{"loc":{"start":{"line":231,"column":27},"end":{"line":231,"column":36}},"type":"default-arg","locations":[{"start":{"line":231,"column":35},"end":{"line":231,"column":36}}],"line":231},"45":{"loc":{"start":{"line":232,"column":4},"end":{"line":234,"column":5}},"type":"if","locations":[{"start":{"line":232,"column":4},"end":{"line":234,"column":5}},{"start":{"line":232,"column":4},"end":{"line":234,"column":5}}],"line":232},"46":{"loc":{"start":{"line":235,"column":4},"end":{"line":239,"column":5}},"type":"if","locations":[{"start":{"line":235,"column":4},"end":{"line":239,"column":5}},{"start":{"line":235,"column":4},"end":{"line":239,"column":5}}],"line":235},"47":{"loc":{"start":{"line":253,"column":25},"end":{"line":253,"column":48}},"type":"default-arg","locations":[{"start":{"line":253,"column":44},"end":{"line":253,"column":48}}],"line":253},"48":{"loc":{"start":{"line":254,"column":28},"end":{"line":254,"column":62}},"type":"cond-expr","locations":[{"start":{"line":254,"column":47},"end":{"line":254,"column":55}},{"start":{"line":254,"column":58},"end":{"line":254,"column":62}}],"line":254},"49":{"loc":{"start":{"line":265,"column":28},"end":{"line":265,"column":44}},"type":"default-arg","locations":[{"start":{"line":265,"column":43},"end":{"line":265,"column":44}}],"line":265},"50":{"loc":{"start":{"line":271,"column":33},"end":{"line":271,"column":49}},"type":"default-arg","locations":[{"start":{"line":271,"column":48},"end":{"line":271,"column":49}}],"line":271},"51":{"loc":{"start":{"line":278,"column":28},"end":{"line":278,"column":51}},"type":"default-arg","locations":[{"start":{"line":278,"column":47},"end":{"line":278,"column":51}}],"line":278},"52":{"loc":{"start":{"line":279,"column":28},"end":{"line":279,"column":62}},"type":"cond-expr","locations":[{"start":{"line":279,"column":47},"end":{"line":279,"column":55}},{"start":{"line":279,"column":58},"end":{"line":279,"column":62}}],"line":279},"53":{"loc":{"start":{"line":283,"column":6},"end":{"line":294,"column":7}},"type":"if","locations":[{"start":{"line":283,"column":6},"end":{"line":294,"column":7}},{"start":{"line":283,"column":6},"end":{"line":294,"column":7}}],"line":283},"54":{"loc":{"start":{"line":285,"column":8},"end":{"line":290,"column":9}},"type":"if","locations":[{"start":{"line":285,"column":8},"end":{"line":290,"column":9}},{"start":{"line":285,"column":8},"end":{"line":290,"column":9}}],"line":285},"55":{"loc":{"start":{"line":293,"column":8},"end":{"line":293,"column":41}},"type":"if","locations":[{"start":{"line":293,"column":8},"end":{"line":293,"column":41}},{"start":{"line":293,"column":8},"end":{"line":293,"column":41}}],"line":293},"56":{"loc":{"start":{"line":304,"column":6},"end":{"line":314,"column":7}},"type":"if","locations":[{"start":{"line":304,"column":6},"end":{"line":314,"column":7}},{"start":{"line":304,"column":6},"end":{"line":314,"column":7}}],"line":304},"57":{"loc":{"start":{"line":306,"column":8},"end":{"line":309,"column":9}},"type":"if","locations":[{"start":{"line":306,"column":8},"end":{"line":309,"column":9}},{"start":{"line":306,"column":8},"end":{"line":309,"column":9}}],"line":306},"58":{"loc":{"start":{"line":313,"column":8},"end":{"line":313,"column":41}},"type":"if","locations":[{"start":{"line":313,"column":8},"end":{"line":313,"column":41}},{"start":{"line":313,"column":8},"end":{"line":313,"column":41}}],"line":313}},"s":{"0":1,"1":48,"2":1,"3":47,"4":47,"5":47,"6":47,"7":47,"8":47,"9":37,"10":37,"11":185,"12":47,"13":47,"14":2,"15":2,"16":36,"17":38,"18":114,"19":7,"20":107,"21":45,"22":2,"23":43,"24":43,"25":5,"26":1,"27":4,"28":4,"29":1,"30":3,"31":8,"32":6,"33":8,"34":2,"35":1,"36":1,"37":12,"38":3,"39":9,"40":12,"41":12,"42":12,"43":12,"44":67,"45":12,"46":12,"47":12,"48":2,"49":1,"50":1,"51":1,"52":1,"53":5,"54":1,"55":1,"56":1,"57":2,"58":17,"59":16,"60":16,"61":16,"62":16,"63":72,"64":16,"65":16,"66":16,"67":1,"68":21,"69":2,"70":19,"71":2,"72":17,"73":4,"74":3,"75":4,"76":2,"77":2,"78":3,"79":2,"80":2,"81":8,"82":2,"83":2,"84":4,"85":4,"86":13,"87":4,"88":4,"89":3,"90":4,"91":2,"92":2,"93":4,"94":2,"95":2,"96":8,"97":2,"98":2,"99":4,"100":4,"101":9,"102":4,"103":4,"104":3,"105":4,"106":2,"107":2,"108":4,"109":2,"110":2,"111":8,"112":2,"113":2,"114":4,"115":4,"116":5,"117":4,"118":4,"119":4,"120":3,"121":4,"122":2,"123":2,"124":4,"125":2,"126":2,"127":8,"128":2,"129":2,"130":4,"131":4,"132":1,"133":16,"134":8,"135":6,"136":3,"137":3,"138":2,"139":2,"140":2,"141":2,"142":3,"143":2,"144":3,"145":9,"146":2,"147":9,"148":2,"149":18,"150":9,"151":1,"152":1,"153":1,"154":1,"155":1,"156":1,"157":4,"158":2,"159":2,"160":2,"161":6,"162":2,"163":1,"164":1,"165":3,"166":2,"167":2,"168":6,"169":2,"170":2,"171":2,"172":6,"173":2,"174":2,"175":2,"176":2,"177":2,"178":2,"179":10,"180":6,"181":4,"182":4,"183":2,"184":6,"185":4,"186":2,"187":2,"188":2,"189":1,"190":1,"191":1,"192":1,"193":5,"194":3,"195":2,"196":2,"197":2,"198":2,"199":1,"200":1,"201":47,"202":47,"203":1,"204":1,"205":3,"206":47,"207":47},"f":{"0":48,"1":2,"2":2,"3":36,"4":38,"5":114,"6":45,"7":5,"8":4,"9":8,"10":2,"11":12,"12":2,"13":2,"14":17,"15":1,"16":21,"17":8,"18":9,"19":1,"20":1,"21":2,"22":1,"23":2,"24":2,"25":2,"26":1,"27":1},"b":{"0":[10],"1":[12],"2":[1,47],"3":[37,10],"4":[3],"5":[7,107],"6":[114,108],"7":[1],"8":[4],"9":[2,43],"10":[45,44],"11":[1,4],"12":[1,3],"13":[6,2],"14":[1,1],"15":[3,9],"16":[1,1],"17":[16,1],"18":[1],"19":[3],"20":[16],"21":[2,19],"22":[21,20],"23":[2,17],"24":[19,18],"25":[4,13],"26":[3,1],"27":[2,2],"28":[4,9],"29":[3,1],"30":[2,2],"31":[4,5],"32":[3,1],"33":[2,2],"34":[4,1],"35":[3,1],"36":[2,2],"37":[2],"38":[3],"39":[6,2],"40":[8,6,6],"41":[3,3],"42":[6,5,4],"43":[2,1],"44":[8],"45":[2,7],"46":[2,7],"47":[1],"48":[1,1],"49":[1],"50":[1],"51":[1],"52":[1,1],"53":[6,4],"54":[4,2],"55":[2,2],"56":[3,2],"57":[2,1],"58":[1,1]},"_coverageSchema":"1a1c01bbd47fc00a2c39e90264f33305004495a9","hash":"4df68d7f289c429ad3445df080840e71f6c8b007","contentHash":"cfc1599e2f7e092daa9e824b54d08b5bdc20ec44f7f22012b1f47494ce429fb8"},"/home/runner/TypedVectors/src/int8Vector.js":{"path":"/home/runner/TypedVectors/src/int8Vector.js","statementMap":{"0":{"start":{"line":1,"column":0},"end":{"line":358,"column":1}},"1":{"start":{"line":3,"column":1},"end":{"line":7,"column":2}},"2":{"start":{"line":4,"column":2},"end":{"line":6,"column":4}},"3":{"start":{"line":10,"column":14},"end":{"line":10,"column":37}},"4":{"start":{"line":11,"column":12},"end":{"line":11,"column":32}},"5":{"start":{"line":12,"column":12},"end":{"line":12,"column":30}},"6":{"start":{"line":13,"column":16},"end":{"line":13,"column":22}},"7":{"start":{"line":14,"column":1},"end":{"line":18,"column":2}},"8":{"start":{"line":15,"column":4},"end":{"line":17,"column":4}},"9":{"start":{"line":15,"column":16},"end":{"line":15,"column":17}},"10":{"start":{"line":16,"column":5},"end":{"line":16,"column":28}},"11":{"start":{"line":21,"column":11},"end":{"line":21,"column":15}},"12":{"start":{"line":22,"column":11},"end":{"line":22,"column":14}},"13":{"start":{"line":24,"column":3},"end":{"line":24,"column":15}},"14":{"start":{"line":27,"column":4},"end":{"line":27,"column":18}},"15":{"start":{"line":30,"column":3},"end":{"line":30,"column":15}},"16":{"start":{"line":33,"column":3},"end":{"line":33,"column":19}},"17":{"start":{"line":36,"column":3},"end":{"line":36,"column":51}},"18":{"start":{"line":36,"column":34},"end":{"line":36,"column":51}},"19":{"start":{"line":37,"column":3},"end":{"line":37,"column":30}},"20":{"start":{"line":40,"column":3},"end":{"line":40,"column":51}},"21":{"start":{"line":40,"column":34},"end":{"line":40,"column":51}},"22":{"start":{"line":41,"column":3},"end":{"line":41,"column":30}},"23":{"start":{"line":42,"column":4},"end":{"line":42,"column":16}},"24":{"start":{"line":45,"column":3},"end":{"line":45,"column":35}},"25":{"start":{"line":45,"column":18},"end":{"line":45,"column":35}},"26":{"start":{"line":46,"column":3},"end":{"line":46,"column":26}},"27":{"start":{"line":49,"column":3},"end":{"line":49,"column":35}},"28":{"start":{"line":49,"column":18},"end":{"line":49,"column":35}},"29":{"start":{"line":50,"column":3},"end":{"line":50,"column":33}},"30":{"start":{"line":53,"column":3},"end":{"line":53,"column":41}},"31":{"start":{"line":53,"column":24},"end":{"line":53,"column":41}},"32":{"start":{"line":54,"column":3},"end":{"line":54,"column":31}},"33":{"start":{"line":57,"column":3},"end":{"line":57,"column":35}},"34":{"start":{"line":57,"column":18},"end":{"line":57,"column":35}},"35":{"start":{"line":58,"column":3},"end":{"line":58,"column":37}},"36":{"start":{"line":63,"column":3},"end":{"line":67,"column":4}},"37":{"start":{"line":64,"column":5},"end":{"line":64,"column":14}},"38":{"start":{"line":66,"column":5},"end":{"line":66,"column":25}},"39":{"start":{"line":68,"column":3},"end":{"line":68,"column":32}},"40":{"start":{"line":69,"column":17},"end":{"line":69,"column":35}},"41":{"start":{"line":70,"column":4},"end":{"line":72,"column":5}},"42":{"start":{"line":70,"column":16},"end":{"line":70,"column":17}},"43":{"start":{"line":71,"column":6},"end":{"line":71,"column":39}},"44":{"start":{"line":73,"column":4},"end":{"line":73,"column":18}},"45":{"start":{"line":74,"column":4},"end":{"line":74,"column":16}},"46":{"start":{"line":75,"column":4},"end":{"line":75,"column":20}},"47":{"start":{"line":78,"column":4},"end":{"line":87,"column":5}},"48":{"start":{"line":79,"column":19},"end":{"line":79,"column":40}},"49":{"start":{"line":80,"column":19},"end":{"line":80,"column":37}},"50":{"start":{"line":81,"column":6},"end":{"line":83,"column":7}},"51":{"start":{"line":81,"column":18},"end":{"line":81,"column":19}},"52":{"start":{"line":82,"column":8},"end":{"line":82,"column":41}},"53":{"start":{"line":84,"column":6},"end":{"line":84,"column":22}},"54":{"start":{"line":85,"column":6},"end":{"line":85,"column":20}},"55":{"start":{"line":86,"column":6},"end":{"line":86,"column":18}},"56":{"start":{"line":90,"column":4},"end":{"line":90,"column":22}},"57":{"start":{"line":93,"column":4},"end":{"line":102,"column":5}},"58":{"start":{"line":94,"column":19},"end":{"line":94,"column":47}},"59":{"start":{"line":95,"column":19},"end":{"line":95,"column":37}},"60":{"start":{"line":96,"column":6},"end":{"line":98,"column":7}},"61":{"start":{"line":96,"column":18},"end":{"line":96,"column":19}},"62":{"start":{"line":97,"column":8},"end":{"line":97,"column":41}},"63":{"start":{"line":99,"column":6},"end":{"line":99,"column":29}},"64":{"start":{"line":100,"column":6},"end":{"line":100,"column":20}},"65":{"start":{"line":101,"column":6},"end":{"line":101,"column":18}},"66":{"start":{"line":105,"column":4},"end":{"line":105,"column":13}},"67":{"start":{"line":109,"column":4},"end":{"line":111,"column":5}},"68":{"start":{"line":110,"column":6},"end":{"line":110,"column":149}},"69":{"start":{"line":112,"column":4},"end":{"line":114,"column":5}},"70":{"start":{"line":113,"column":6},"end":{"line":113,"column":129}},"71":{"start":{"line":117,"column":4},"end":{"line":207,"column":5}},"72":{"start":{"line":119,"column":6},"end":{"line":121,"column":7}},"73":{"start":{"line":120,"column":8},"end":{"line":120,"column":30}},"74":{"start":{"line":122,"column":6},"end":{"line":136,"column":7}},"75":{"start":{"line":124,"column":8},"end":{"line":126,"column":9}},"76":{"start":{"line":124,"column":20},"end":{"line":124,"column":24}},"77":{"start":{"line":125,"column":11},"end":{"line":125,"column":34}},"78":{"start":{"line":129,"column":8},"end":{"line":131,"column":9}},"79":{"start":{"line":129,"column":20},"end":{"line":129,"column":28}},"80":{"start":{"line":130,"column":10},"end":{"line":130,"column":53}},"81":{"start":{"line":133,"column":8},"end":{"line":135,"column":9}},"82":{"start":{"line":133,"column":20},"end":{"line":133,"column":21}},"83":{"start":{"line":134,"column":10},"end":{"line":134,"column":41}},"84":{"start":{"line":137,"column":6},"end":{"line":137,"column":20}},"85":{"start":{"line":138,"column":11},"end":{"line":207,"column":5}},"86":{"start":{"line":139,"column":18},"end":{"line":139,"column":34}},"87":{"start":{"line":141,"column":6},"end":{"line":143,"column":7}},"88":{"start":{"line":142,"column":8},"end":{"line":142,"column":30}},"89":{"start":{"line":144,"column":6},"end":{"line":158,"column":7}},"90":{"start":{"line":146,"column":8},"end":{"line":148,"column":9}},"91":{"start":{"line":146,"column":20},"end":{"line":146,"column":21}},"92":{"start":{"line":147,"column":10},"end":{"line":147,"column":51}},"93":{"start":{"line":151,"column":8},"end":{"line":153,"column":9}},"94":{"start":{"line":151,"column":20},"end":{"line":151,"column":28}},"95":{"start":{"line":152,"column":10},"end":{"line":152,"column":51}},"96":{"start":{"line":155,"column":8},"end":{"line":157,"column":9}},"97":{"start":{"line":155,"column":20},"end":{"line":155,"column":21}},"98":{"start":{"line":156,"column":10},"end":{"line":156,"column":52}},"99":{"start":{"line":159,"column":6},"end":{"line":159,"column":18}},"100":{"start":{"line":160,"column":11},"end":{"line":207,"column":5}},"101":{"start":{"line":161,"column":18},"end":{"line":161,"column":30}},"102":{"start":{"line":163,"column":6},"end":{"line":165,"column":7}},"103":{"start":{"line":164,"column":8},"end":{"line":164,"column":30}},"104":{"start":{"line":166,"column":6},"end":{"line":180,"column":7}},"105":{"start":{"line":168,"column":8},"end":{"line":170,"column":9}},"106":{"start":{"line":168,"column":20},"end":{"line":168,"column":21}},"107":{"start":{"line":169,"column":10},"end":{"line":169,"column":43}},"108":{"start":{"line":173,"column":8},"end":{"line":175,"column":9}},"109":{"start":{"line":173,"column":20},"end":{"line":173,"column":28}},"110":{"start":{"line":174,"column":10},"end":{"line":174,"column":51}},"111":{"start":{"line":177,"column":8},"end":{"line":179,"column":9}},"112":{"start":{"line":177,"column":20},"end":{"line":177,"column":21}},"113":{"start":{"line":178,"column":10},"end":{"line":178,"column":44}},"114":{"start":{"line":181,"column":6},"end":{"line":181,"column":18}},"115":{"start":{"line":182,"column":11},"end":{"line":207,"column":5}},"116":{"start":{"line":183,"column":22},"end":{"line":183,"column":41}},"117":{"start":{"line":184,"column":18},"end":{"line":184,"column":36}},"118":{"start":{"line":186,"column":6},"end":{"line":188,"column":7}},"119":{"start":{"line":187,"column":8},"end":{"line":187,"column":30}},"120":{"start":{"line":189,"column":6},"end":{"line":203,"column":7}},"121":{"start":{"line":191,"column":8},"end":{"line":193,"column":9}},"122":{"start":{"line":191,"column":20},"end":{"line":191,"column":21}},"123":{"start":{"line":192,"column":10},"end":{"line":192,"column":53}},"124":{"start":{"line":196,"column":8},"end":{"line":198,"column":9}},"125":{"start":{"line":196,"column":20},"end":{"line":196,"column":28}},"126":{"start":{"line":197,"column":10},"end":{"line":197,"column":51}},"127":{"start":{"line":200,"column":8},"end":{"line":202,"column":9}},"128":{"start":{"line":200,"column":20},"end":{"line":200,"column":21}},"129":{"start":{"line":201,"column":10},"end":{"line":201,"column":54}},"130":{"start":{"line":204,"column":6},"end":{"line":204,"column":18}},"131":{"start":{"line":206,"column":6},"end":{"line":206,"column":23}},"132":{"start":{"line":208,"column":4},"end":{"line":208,"column":16}},"133":{"start":{"line":212,"column":4},"end":{"line":227,"column":5}},"134":{"start":{"line":213,"column":6},"end":{"line":215,"column":7}},"135":{"start":{"line":214,"column":8},"end":{"line":214,"column":243}},"136":{"start":{"line":217,"column":6},"end":{"line":222,"column":7}},"137":{"start":{"line":218,"column":8},"end":{"line":221,"column":9}},"138":{"start":{"line":218,"column":20},"end":{"line":218,"column":36}},"139":{"start":{"line":219,"column":25},"end":{"line":219,"column":37}},"140":{"start":{"line":220,"column":10},"end":{"line":220,"column":48}},"141":{"start":{"line":224,"column":6},"end":{"line":224,"column":23}},"142":{"start":{"line":226,"column":6},"end":{"line":226,"column":23}},"143":{"start":{"line":228,"column":4},"end":{"line":228,"column":16}},"144":{"start":{"line":231,"column":4},"end":{"line":233,"column":5}},"145":{"start":{"line":232,"column":6},"end":{"line":232,"column":23}},"146":{"start":{"line":234,"column":4},"end":{"line":238,"column":5}},"147":{"start":{"line":235,"column":6},"end":{"line":237,"column":7}},"148":{"start":{"line":236,"column":8},"end":{"line":236,"column":31}},"149":{"start":{"line":239,"column":4},"end":{"line":239,"column":19}},"150":{"start":{"line":242,"column":4},"end":{"line":242,"column":42}},"151":{"start":{"line":243,"column":4},"end":{"line":243,"column":37}},"152":{"start":{"line":244,"column":4},"end":{"line":244,"column":33}},"153":{"start":{"line":245,"column":4},"end":{"line":245,"column":33}},"154":{"start":{"line":248,"column":4},"end":{"line":250,"column":5}},"155":{"start":{"line":248,"column":16},"end":{"line":248,"column":17}},"156":{"start":{"line":249,"column":6},"end":{"line":249,"column":35}},"157":{"start":{"line":253,"column":16},"end":{"line":253,"column":65}},"158":{"start":{"line":254,"column":4},"end":{"line":256,"column":5}},"159":{"start":{"line":254,"column":16},"end":{"line":254,"column":17}},"160":{"start":{"line":255,"column":6},"end":{"line":255,"column":47}},"161":{"start":{"line":257,"column":4},"end":{"line":257,"column":15}},"162":{"start":{"line":260,"column":4},"end":{"line":262,"column":5}},"163":{"start":{"line":260,"column":16},"end":{"line":260,"column":17}},"164":{"start":{"line":261,"column":6},"end":{"line":261,"column":52}},"165":{"start":{"line":265,"column":4},"end":{"line":267,"column":5}},"166":{"start":{"line":265,"column":16},"end":{"line":265,"column":17}},"167":{"start":{"line":266,"column":6},"end":{"line":266,"column":64}},"168":{"start":{"line":268,"column":4},"end":{"line":268,"column":24}},"169":{"start":{"line":271,"column":4},"end":{"line":273,"column":5}},"170":{"start":{"line":271,"column":16},"end":{"line":271,"column":24}},"171":{"start":{"line":272,"column":6},"end":{"line":272,"column":64}},"172":{"start":{"line":274,"column":4},"end":{"line":274,"column":24}},"173":{"start":{"line":278,"column":16},"end":{"line":278,"column":65}},"174":{"start":{"line":279,"column":19},"end":{"line":279,"column":21}},"175":{"start":{"line":280,"column":20},"end":{"line":280,"column":21}},"176":{"start":{"line":281,"column":4},"end":{"line":294,"column":5}},"177":{"start":{"line":281,"column":16},"end":{"line":281,"column":17}},"178":{"start":{"line":282,"column":6},"end":{"line":293,"column":7}},"179":{"start":{"line":284,"column":8},"end":{"line":289,"column":9}},"180":{"start":{"line":285,"column":10},"end":{"line":285,"column":45}},"181":{"start":{"line":286,"column":10},"end":{"line":286,"column":21}},"182":{"start":{"line":288,"column":10},"end":{"line":288,"column":38}},"183":{"start":{"line":290,"column":8},"end":{"line":290,"column":20}},"184":{"start":{"line":292,"column":8},"end":{"line":292,"column":41}},"185":{"start":{"line":292,"column":28},"end":{"line":292,"column":41}},"186":{"start":{"line":295,"column":4},"end":{"line":295,"column":26}},"187":{"start":{"line":296,"column":4},"end":{"line":296,"column":15}},"188":{"start":{"line":300,"column":19},"end":{"line":300,"column":21}},"189":{"start":{"line":301,"column":20},"end":{"line":301,"column":21}},"190":{"start":{"line":302,"column":4},"end":{"line":314,"column":5}},"191":{"start":{"line":302,"column":16},"end":{"line":302,"column":17}},"192":{"start":{"line":303,"column":6},"end":{"line":313,"column":7}},"193":{"start":{"line":305,"column":8},"end":{"line":308,"column":9}},"194":{"start":{"line":306,"column":10},"end":{"line":306,"column":50}},"195":{"start":{"line":307,"column":10},"end":{"line":307,"column":21}},"196":{"start":{"line":311,"column":8},"end":{"line":311,"column":20}},"197":{"start":{"line":312,"column":8},"end":{"line":312,"column":41}},"198":{"start":{"line":312,"column":28},"end":{"line":312,"column":41}},"199":{"start":{"line":315,"column":4},"end":{"line":315,"column":22}},"200":{"start":{"line":318,"column":24},"end":{"line":347,"column":3}},"201":{"start":{"line":349,"column":2},"end":{"line":353,"column":4}},"202":{"start":{"line":350,"column":4},"end":{"line":352,"column":5}},"203":{"start":{"line":350,"column":16},"end":{"line":350,"column":17}},"204":{"start":{"line":351,"column":6},"end":{"line":351,"column":28}},"205":{"start":{"line":355,"column":2},"end":{"line":355,"column":31}},"206":{"start":{"line":357,"column":2},"end":{"line":357,"column":23}}},"fnMap":{"0":{"name":"int8Vector","decl":{"start":{"line":1,"column":26},"end":{"line":1,"column":36}},"loc":{"start":{"line":1,"column":60},"end":{"line":358,"column":1}},"line":1},"1":{"name":"getDataView","decl":{"start":{"line":23,"column":10},"end":{"line":23,"column":21}},"loc":{"start":{"line":23,"column":23},"end":{"line":25,"column":2}},"line":23},"2":{"name":"getArrayBuffer","decl":{"start":{"line":26,"column":11},"end":{"line":26,"column":25}},"loc":{"start":{"line":26,"column":27},"end":{"line":28,"column":3}},"line":26},"3":{"name":"getSize","decl":{"start":{"line":29,"column":10},"end":{"line":29,"column":17}},"loc":{"start":{"line":29,"column":19},"end":{"line":31,"column":2}},"line":29},"4":{"name":"getCapacity","decl":{"start":{"line":32,"column":10},"end":{"line":32,"column":21}},"loc":{"start":{"line":32,"column":23},"end":{"line":34,"column":2}},"line":32},"5":{"name":"at","decl":{"start":{"line":35,"column":10},"end":{"line":35,"column":12}},"loc":{"start":{"line":35,"column":23},"end":{"line":38,"column":2}},"line":35},"6":{"name":"set","decl":{"start":{"line":39,"column":10},"end":{"line":39,"column":13}},"loc":{"start":{"line":39,"column":35},"end":{"line":43,"column":2}},"line":39},"7":{"name":"front","decl":{"start":{"line":44,"column":10},"end":{"line":44,"column":15}},"loc":{"start":{"line":44,"column":17},"end":{"line":47,"column":2}},"line":44},"8":{"name":"back","decl":{"start":{"line":48,"column":10},"end":{"line":48,"column":14}},"loc":{"start":{"line":48,"column":16},"end":{"line":51,"column":2}},"line":48},"9":{"name":"pushBack","decl":{"start":{"line":52,"column":10},"end":{"line":52,"column":18}},"loc":{"start":{"line":52,"column":25},"end":{"line":55,"column":2}},"line":52},"10":{"name":"popBack","decl":{"start":{"line":56,"column":10},"end":{"line":56,"column":17}},"loc":{"start":{"line":56,"column":19},"end":{"line":59,"column":2}},"line":56},"11":{"name":"doubleCapacity","decl":{"start":{"line":60,"column":10},"end":{"line":60,"column":24}},"loc":{"start":{"line":60,"column":26},"end":{"line":76,"column":2}},"line":60},"12":{"name":"shrinkToFit","decl":{"start":{"line":77,"column":11},"end":{"line":77,"column":22}},"loc":{"start":{"line":77,"column":24},"end":{"line":88,"column":3}},"line":77},"13":{"name":"empty","decl":{"start":{"line":89,"column":11},"end":{"line":89,"column":16}},"loc":{"start":{"line":89,"column":18},"end":{"line":91,"column":3}},"line":89},"14":{"name":"reserve","decl":{"start":{"line":92,"column":11},"end":{"line":92,"column":18}},"loc":{"start":{"line":92,"column":31},"end":{"line":103,"column":3}},"line":92},"15":{"name":"clear","decl":{"start":{"line":104,"column":11},"end":{"line":104,"column":16}},"loc":{"start":{"line":104,"column":18},"end":{"line":106,"column":3}},"line":104},"16":{"name":"insert","decl":{"start":{"line":107,"column":11},"end":{"line":107,"column":17}},"loc":{"start":{"line":107,"column":50},"end":{"line":209,"column":3}},"line":107},"17":{"name":"erase","decl":{"start":{"line":210,"column":11},"end":{"line":210,"column":16}},"loc":{"start":{"line":210,"column":41},"end":{"line":229,"column":3}},"line":210},"18":{"name":"resize","decl":{"start":{"line":230,"column":11},"end":{"line":230,"column":17}},"loc":{"start":{"line":230,"column":37},"end":{"line":240,"column":3}},"line":230},"19":{"name":"swap","decl":{"start":{"line":241,"column":11},"end":{"line":241,"column":15}},"loc":{"start":{"line":241,"column":28},"end":{"line":246,"column":3}},"line":241},"20":{"name":"forEach","decl":{"start":{"line":247,"column":11},"end":{"line":247,"column":18}},"loc":{"start":{"line":247,"column":28},"end":{"line":251,"column":3}},"line":247},"21":{"name":"map","decl":{"start":{"line":252,"column":11},"end":{"line":252,"column":14}},"loc":{"start":{"line":252,"column":49},"end":{"line":258,"column":3}},"line":252},"22":{"name":"mapInPlace","decl":{"start":{"line":259,"column":11},"end":{"line":259,"column":21}},"loc":{"start":{"line":259,"column":31},"end":{"line":263,"column":3}},"line":259},"23":{"name":"reduce","decl":{"start":{"line":264,"column":11},"end":{"line":264,"column":17}},"loc":{"start":{"line":264,"column":45},"end":{"line":269,"column":3}},"line":264},"24":{"name":"reduceRight","decl":{"start":{"line":270,"column":11},"end":{"line":270,"column":22}},"loc":{"start":{"line":270,"column":50},"end":{"line":275,"column":3}},"line":270},"25":{"name":"filter","decl":{"start":{"line":277,"column":11},"end":{"line":277,"column":17}},"loc":{"start":{"line":277,"column":52},"end":{"line":297,"column":3}},"line":277},"26":{"name":"filterInPlace","decl":{"start":{"line":299,"column":11},"end":{"line":299,"column":24}},"loc":{"start":{"line":299,"column":34},"end":{"line":316,"column":3}},"line":299},"27":{"name":"(anonymous_27)","decl":{"start":{"line":349,"column":35},"end":{"line":349,"column":36}},"loc":{"start":{"line":349,"column":47},"end":{"line":353,"column":3}},"line":349}},"branchMap":{"0":{"loc":{"start":{"line":1,"column":37},"end":{"line":1,"column":47}},"type":"default-arg","locations":[{"start":{"line":1,"column":46},"end":{"line":1,"column":47}}],"line":1},"1":{"loc":{"start":{"line":1,"column":49},"end":{"line":1,"column":58}},"type":"default-arg","locations":[{"start":{"line":1,"column":57},"end":{"line":1,"column":58}}],"line":1},"2":{"loc":{"start":{"line":3,"column":1},"end":{"line":7,"column":2}},"type":"if","locations":[{"start":{"line":3,"column":1},"end":{"line":7,"column":2}},{"start":{"line":3,"column":1},"end":{"line":7,"column":2}}],"line":3},"3":{"loc":{"start":{"line":14,"column":1},"end":{"line":18,"column":2}},"type":"if","locations":[{"start":{"line":14,"column":1},"end":{"line":18,"column":2}},{"start":{"line":14,"column":1},"end":{"line":18,"column":2}}],"line":14},"4":{"loc":{"start":{"line":35,"column":13},"end":{"line":35,"column":22}},"type":"default-arg","locations":[{"start":{"line":35,"column":21},"end":{"line":35,"column":22}}],"line":35},"5":{"loc":{"start":{"line":36,"column":3},"end":{"line":36,"column":51}},"type":"if","locations":[{"start":{"line":36,"column":3},"end":{"line":36,"column":51}},{"start":{"line":36,"column":3},"end":{"line":36,"column":51}}],"line":36},"6":{"loc":{"start":{"line":36,"column":6},"end":{"line":36,"column":32}},"type":"binary-expr","locations":[{"start":{"line":36,"column":6},"end":{"line":36,"column":19}},{"start":{"line":36,"column":23},"end":{"line":36,"column":32}}],"line":36},"7":{"loc":{"start":{"line":39,"column":14},"end":{"line":39,"column":23}},"type":"default-arg","locations":[{"start":{"line":39,"column":22},"end":{"line":39,"column":23}}],"line":39},"8":{"loc":{"start":{"line":39,"column":25},"end":{"line":39,"column":34}},"type":"default-arg","locations":[{"start":{"line":39,"column":33},"end":{"line":39,"column":34}}],"line":39},"9":{"loc":{"start":{"line":40,"column":3},"end":{"line":40,"column":51}},"type":"if","locations":[{"start":{"line":40,"column":3},"end":{"line":40,"column":51}},{"start":{"line":40,"column":3},"end":{"line":40,"column":51}}],"line":40},"10":{"loc":{"start":{"line":40,"column":6},"end":{"line":40,"column":32}},"type":"binary-expr","locations":[{"start":{"line":40,"column":6},"end":{"line":40,"column":19}},{"start":{"line":40,"column":23},"end":{"line":40,"column":32}}],"line":40},"11":{"loc":{"start":{"line":45,"column":3},"end":{"line":45,"column":35}},"type":"if","locations":[{"start":{"line":45,"column":3},"end":{"line":45,"column":35}},{"start":{"line":45,"column":3},"end":{"line":45,"column":35}}],"line":45},"12":{"loc":{"start":{"line":49,"column":3},"end":{"line":49,"column":35}},"type":"if","locations":[{"start":{"line":49,"column":3},"end":{"line":49,"column":35}},{"start":{"line":49,"column":3},"end":{"line":49,"column":35}}],"line":49},"13":{"loc":{"start":{"line":53,"column":3},"end":{"line":53,"column":41}},"type":"if","locations":[{"start":{"line":53,"column":3},"end":{"line":53,"column":41}},{"start":{"line":53,"column":3},"end":{"line":53,"column":41}}],"line":53},"14":{"loc":{"start":{"line":57,"column":3},"end":{"line":57,"column":35}},"type":"if","locations":[{"start":{"line":57,"column":3},"end":{"line":57,"column":35}},{"start":{"line":57,"column":3},"end":{"line":57,"column":35}}],"line":57},"15":{"loc":{"start":{"line":63,"column":3},"end":{"line":67,"column":4}},"type":"if","locations":[{"start":{"line":63,"column":3},"end":{"line":67,"column":4}},{"start":{"line":63,"column":3},"end":{"line":67,"column":4}}],"line":63},"16":{"loc":{"start":{"line":78,"column":4},"end":{"line":87,"column":5}},"type":"if","locations":[{"start":{"line":78,"column":4},"end":{"line":87,"column":5}},{"start":{"line":78,"column":4},"end":{"line":87,"column":5}}],"line":78},"17":{"loc":{"start":{"line":93,"column":4},"end":{"line":102,"column":5}},"type":"if","locations":[{"start":{"line":93,"column":4},"end":{"line":102,"column":5}},{"start":{"line":93,"column":4},"end":{"line":102,"column":5}}],"line":93},"18":{"loc":{"start":{"line":107,"column":18},"end":{"line":107,"column":27}},"type":"default-arg","locations":[{"start":{"line":107,"column":26},"end":{"line":107,"column":27}}],"line":107},"19":{"loc":{"start":{"line":107,"column":29},"end":{"line":107,"column":38}},"type":"default-arg","locations":[{"start":{"line":107,"column":37},"end":{"line":107,"column":38}}],"line":107},"20":{"loc":{"start":{"line":107,"column":40},"end":{"line":107,"column":49}},"type":"default-arg","locations":[{"start":{"line":107,"column":48},"end":{"line":107,"column":49}}],"line":107},"21":{"loc":{"start":{"line":109,"column":4},"end":{"line":111,"column":5}},"type":"if","locations":[{"start":{"line":109,"column":4},"end":{"line":111,"column":5}},{"start":{"line":109,"column":4},"end":{"line":111,"column":5}}],"line":109},"22":{"loc":{"start":{"line":109,"column":7},"end":{"line":109,"column":32}},"type":"binary-expr","locations":[{"start":{"line":109,"column":7},"end":{"line":109,"column":19}},{"start":{"line":109,"column":23},"end":{"line":109,"column":32}}],"line":109},"23":{"loc":{"start":{"line":112,"column":4},"end":{"line":114,"column":5}},"type":"if","locations":[{"start":{"line":112,"column":4},"end":{"line":114,"column":5}},{"start":{"line":112,"column":4},"end":{"line":114,"column":5}}],"line":112},"24":{"loc":{"start":{"line":112,"column":7},"end":{"line":112,"column":35}},"type":"binary-expr","locations":[{"start":{"line":112,"column":7},"end":{"line":112,"column":16}},{"start":{"line":112,"column":20},"end":{"line":112,"column":35}}],"line":112},"25":{"loc":{"start":{"line":117,"column":4},"end":{"line":207,"column":5}},"type":"if","locations":[{"start":{"line":117,"column":4},"end":{"line":207,"column":5}},{"start":{"line":117,"column":4},"end":{"line":207,"column":5}}],"line":117},"26":{"loc":{"start":{"line":119,"column":6},"end":{"line":121,"column":7}},"type":"if","locations":[{"start":{"line":119,"column":6},"end":{"line":121,"column":7}},{"start":{"line":119,"column":6},"end":{"line":121,"column":7}}],"line":119},"27":{"loc":{"start":{"line":122,"column":6},"end":{"line":136,"column":7}},"type":"if","locations":[{"start":{"line":122,"column":6},"end":{"line":136,"column":7}},{"start":{"line":122,"column":6},"end":{"line":136,"column":7}}],"line":122},"28":{"loc":{"start":{"line":138,"column":11},"end":{"line":207,"column":5}},"type":"if","locations":[{"start":{"line":138,"column":11},"end":{"line":207,"column":5}},{"start":{"line":138,"column":11},"end":{"line":207,"column":5}}],"line":138},"29":{"loc":{"start":{"line":141,"column":6},"end":{"line":143,"column":7}},"type":"if","locations":[{"start":{"line":141,"column":6},"end":{"line":143,"column":7}},{"start":{"line":141,"column":6},"end":{"line":143,"column":7}}],"line":141},"30":{"loc":{"start":{"line":144,"column":6},"end":{"line":158,"column":7}},"type":"if","locations":[{"start":{"line":144,"column":6},"end":{"line":158,"column":7}},{"start":{"line":144,"column":6},"end":{"line":158,"column":7}}],"line":144},"31":{"loc":{"start":{"line":160,"column":11},"end":{"line":207,"column":5}},"type":"if","locations":[{"start":{"line":160,"column":11},"end":{"line":207,"column":5}},{"start":{"line":160,"column":11},"end":{"line":207,"column":5}}],"line":160},"32":{"loc":{"start":{"line":163,"column":6},"end":{"line":165,"column":7}},"type":"if","locations":[{"start":{"line":163,"column":6},"end":{"line":165,"column":7}},{"start":{"line":163,"column":6},"end":{"line":165,"column":7}}],"line":163},"33":{"loc":{"start":{"line":166,"column":6},"end":{"line":180,"column":7}},"type":"if","locations":[{"start":{"line":166,"column":6},"end":{"line":180,"column":7}},{"start":{"line":166,"column":6},"end":{"line":180,"column":7}}],"line":166},"34":{"loc":{"start":{"line":182,"column":11},"end":{"line":207,"column":5}},"type":"if","locations":[{"start":{"line":182,"column":11},"end":{"line":207,"column":5}},{"start":{"line":182,"column":11},"end":{"line":207,"column":5}}],"line":182},"35":{"loc":{"start":{"line":186,"column":6},"end":{"line":188,"column":7}},"type":"if","locations":[{"start":{"line":186,"column":6},"end":{"line":188,"column":7}},{"start":{"line":186,"column":6},"end":{"line":188,"column":7}}],"line":186},"36":{"loc":{"start":{"line":189,"column":6},"end":{"line":203,"column":7}},"type":"if","locations":[{"start":{"line":189,"column":6},"end":{"line":203,"column":7}},{"start":{"line":189,"column":6},"end":{"line":203,"column":7}}],"line":189},"37":{"loc":{"start":{"line":210,"column":17},"end":{"line":210,"column":26}},"type":"default-arg","locations":[{"start":{"line":210,"column":25},"end":{"line":210,"column":26}}],"line":210},"38":{"loc":{"start":{"line":210,"column":28},"end":{"line":210,"column":40}},"type":"default-arg","locations":[{"start":{"line":210,"column":39},"end":{"line":210,"column":40}}],"line":210},"39":{"loc":{"start":{"line":212,"column":4},"end":{"line":227,"column":5}},"type":"if","locations":[{"start":{"line":212,"column":4},"end":{"line":227,"column":5}},{"start":{"line":212,"column":4},"end":{"line":227,"column":5}}],"line":212},"40":{"loc":{"start":{"line":212,"column":7},"end":{"line":212,"column":45}},"type":"binary-expr","locations":[{"start":{"line":212,"column":7},"end":{"line":212,"column":15}},{"start":{"line":212,"column":19},"end":{"line":212,"column":29}},{"start":{"line":212,"column":33},"end":{"line":212,"column":45}}],"line":212},"41":{"loc":{"start":{"line":213,"column":6},"end":{"line":215,"column":7}},"type":"if","locations":[{"start":{"line":213,"column":6},"end":{"line":215,"column":7}},{"start":{"line":213,"column":6},"end":{"line":215,"column":7}}],"line":213},"42":{"loc":{"start":{"line":213,"column":9},"end":{"line":213,"column":70}},"type":"binary-expr","locations":[{"start":{"line":213,"column":9},"end":{"line":213,"column":21}},{"start":{"line":213,"column":25},"end":{"line":213,"column":43}},{"start":{"line":213,"column":47},"end":{"line":213,"column":70}}],"line":213},"43":{"loc":{"start":{"line":217,"column":6},"end":{"line":222,"column":7}},"type":"if","locations":[{"start":{"line":217,"column":6},"end":{"line":222,"column":7}},{"start":{"line":217,"column":6},"end":{"line":222,"column":7}}],"line":217},"44":{"loc":{"start":{"line":230,"column":27},"end":{"line":230,"column":36}},"type":"default-arg","locations":[{"start":{"line":230,"column":35},"end":{"line":230,"column":36}}],"line":230},"45":{"loc":{"start":{"line":231,"column":4},"end":{"line":233,"column":5}},"type":"if","locations":[{"start":{"line":231,"column":4},"end":{"line":233,"column":5}},{"start":{"line":231,"column":4},"end":{"line":233,"column":5}}],"line":231},"46":{"loc":{"start":{"line":234,"column":4},"end":{"line":238,"column":5}},"type":"if","locations":[{"start":{"line":234,"column":4},"end":{"line":238,"column":5}},{"start":{"line":234,"column":4},"end":{"line":238,"column":5}}],"line":234},"47":{"loc":{"start":{"line":252,"column":25},"end":{"line":252,"column":48}},"type":"default-arg","locations":[{"start":{"line":252,"column":44},"end":{"line":252,"column":48}}],"line":252},"48":{"loc":{"start":{"line":253,"column":27},"end":{"line":253,"column":61}},"type":"cond-expr","locations":[{"start":{"line":253,"column":46},"end":{"line":253,"column":54}},{"start":{"line":253,"column":57},"end":{"line":253,"column":61}}],"line":253},"49":{"loc":{"start":{"line":264,"column":28},"end":{"line":264,"column":44}},"type":"default-arg","locations":[{"start":{"line":264,"column":43},"end":{"line":264,"column":44}}],"line":264},"50":{"loc":{"start":{"line":270,"column":33},"end":{"line":270,"column":49}},"type":"default-arg","locations":[{"start":{"line":270,"column":48},"end":{"line":270,"column":49}}],"line":270},"51":{"loc":{"start":{"line":277,"column":28},"end":{"line":277,"column":51}},"type":"default-arg","locations":[{"start":{"line":277,"column":47},"end":{"line":277,"column":51}}],"line":277},"52":{"loc":{"start":{"line":278,"column":27},"end":{"line":278,"column":61}},"type":"cond-expr","locations":[{"start":{"line":278,"column":46},"end":{"line":278,"column":54}},{"start":{"line":278,"column":57},"end":{"line":278,"column":61}}],"line":278},"53":{"loc":{"start":{"line":282,"column":6},"end":{"line":293,"column":7}},"type":"if","locations":[{"start":{"line":282,"column":6},"end":{"line":293,"column":7}},{"start":{"line":282,"column":6},"end":{"line":293,"column":7}}],"line":282},"54":{"loc":{"start":{"line":284,"column":8},"end":{"line":289,"column":9}},"type":"if","locations":[{"start":{"line":284,"column":8},"end":{"line":289,"column":9}},{"start":{"line":284,"column":8},"end":{"line":289,"column":9}}],"line":284},"55":{"loc":{"start":{"line":292,"column":8},"end":{"line":292,"column":41}},"type":"if","locations":[{"start":{"line":292,"column":8},"end":{"line":292,"column":41}},{"start":{"line":292,"column":8},"end":{"line":292,"column":41}}],"line":292},"56":{"loc":{"start":{"line":303,"column":6},"end":{"line":313,"column":7}},"type":"if","locations":[{"start":{"line":303,"column":6},"end":{"line":313,"column":7}},{"start":{"line":303,"column":6},"end":{"line":313,"column":7}}],"line":303},"57":{"loc":{"start":{"line":305,"column":8},"end":{"line":308,"column":9}},"type":"if","locations":[{"start":{"line":305,"column":8},"end":{"line":308,"column":9}},{"start":{"line":305,"column":8},"end":{"line":308,"column":9}}],"line":305},"58":{"loc":{"start":{"line":312,"column":8},"end":{"line":312,"column":41}},"type":"if","locations":[{"start":{"line":312,"column":8},"end":{"line":312,"column":41}},{"start":{"line":312,"column":8},"end":{"line":312,"column":41}}],"line":312}},"s":{"0":1,"1":48,"2":1,"3":47,"4":47,"5":47,"6":47,"7":47,"8":37,"9":37,"10":185,"11":47,"12":47,"13":2,"14":2,"15":36,"16":38,"17":114,"18":7,"19":107,"20":45,"21":2,"22":43,"23":43,"24":5,"25":1,"26":4,"27":4,"28":1,"29":3,"30":8,"31":6,"32":8,"33":2,"34":1,"35":1,"36":12,"37":3,"38":9,"39":12,"40":12,"41":12,"42":12,"43":67,"44":12,"45":12,"46":12,"47":2,"48":1,"49":1,"50":1,"51":1,"52":5,"53":1,"54":1,"55":1,"56":2,"57":17,"58":16,"59":16,"60":16,"61":16,"62":72,"63":16,"64":16,"65":16,"66":1,"67":21,"68":2,"69":19,"70":2,"71":17,"72":4,"73":3,"74":4,"75":2,"76":2,"77":3,"78":2,"79":2,"80":8,"81":2,"82":2,"83":4,"84":4,"85":13,"86":4,"87":4,"88":3,"89":4,"90":2,"91":2,"92":4,"93":2,"94":2,"95":8,"96":2,"97":2,"98":4,"99":4,"100":9,"101":4,"102":4,"103":3,"104":4,"105":2,"106":2,"107":4,"108":2,"109":2,"110":8,"111":2,"112":2,"113":4,"114":4,"115":5,"116":4,"117":4,"118":4,"119":3,"120":4,"121":2,"122":2,"123":4,"124":2,"125":2,"126":8,"127":2,"128":2,"129":4,"130":4,"131":1,"132":16,"133":8,"134":6,"135":3,"136":3,"137":2,"138":2,"139":2,"140":2,"141":3,"142":2,"143":3,"144":9,"145":2,"146":9,"147":2,"148":18,"149":9,"150":1,"151":1,"152":1,"153":1,"154":1,"155":1,"156":4,"157":2,"158":2,"159":2,"160":6,"161":2,"162":1,"163":1,"164":3,"165":2,"166":2,"167":6,"168":2,"169":2,"170":2,"171":6,"172":2,"173":2,"174":2,"175":2,"176":2,"177":2,"178":10,"179":6,"180":4,"181":4,"182":2,"183":6,"184":4,"185":2,"186":2,"187":2,"188":1,"189":1,"190":1,"191":1,"192":5,"193":3,"194":2,"195":2,"196":2,"197":2,"198":1,"199":1,"200":47,"201":47,"202":1,"203":1,"204":3,"205":47,"206":47},"f":{"0":48,"1":2,"2":2,"3":36,"4":38,"5":114,"6":45,"7":5,"8":4,"9":8,"10":2,"11":12,"12":2,"13":2,"14":17,"15":1,"16":21,"17":8,"18":9,"19":1,"20":1,"21":2,"22":1,"23":2,"24":2,"25":2,"26":1,"27":1},"b":{"0":[10],"1":[12],"2":[1,47],"3":[37,10],"4":[3],"5":[7,107],"6":[114,108],"7":[1],"8":[4],"9":[2,43],"10":[45,44],"11":[1,4],"12":[1,3],"13":[6,2],"14":[1,1],"15":[3,9],"16":[1,1],"17":[16,1],"18":[1],"19":[3],"20":[16],"21":[2,19],"22":[21,20],"23":[2,17],"24":[19,18],"25":[4,13],"26":[3,1],"27":[2,2],"28":[4,9],"29":[3,1],"30":[2,2],"31":[4,5],"32":[3,1],"33":[2,2],"34":[4,1],"35":[3,1],"36":[2,2],"37":[2],"38":[3],"39":[6,2],"40":[8,6,6],"41":[3,3],"42":[6,5,4],"43":[2,1],"44":[8],"45":[2,7],"46":[2,7],"47":[1],"48":[1,1],"49":[1],"50":[1],"51":[1],"52":[1,1],"53":[6,4],"54":[4,2],"55":[2,2],"56":[3,2],"57":[2,1],"58":[1,1]},"_coverageSchema":"1a1c01bbd47fc00a2c39e90264f33305004495a9","hash":"9d21b8a7d19d29b6c6484573f7bc89077cd086c9","contentHash":"7fcf8add49676b084b16f645e9e1650686604361b0bebce9680e7745ede7a7ed"},"/home/runner/TypedVectors/src/uint16Vector.js":{"path":"/home/runner/TypedVectors/src/uint16Vector.js","statementMap":{"0":{"start":{"line":1,"column":0},"end":{"line":358,"column":1}},"1":{"start":{"line":3,"column":1},"end":{"line":6,"column":2}},"2":{"start":{"line":4,"column":2},"end":{"line":5,"column":4}},"3":{"start":{"line":9,"column":14},"end":{"line":9,"column":15}},"4":{"start":{"line":10,"column":14},"end":{"line":10,"column":43}},"5":{"start":{"line":11,"column":12},"end":{"line":11,"column":32}},"6":{"start":{"line":12,"column":12},"end":{"line":12,"column":30}},"7":{"start":{"line":13,"column":16},"end":{"line":13,"column":22}},"8":{"start":{"line":14,"column":1},"end":{"line":18,"column":2}},"9":{"start":{"line":15,"column":4},"end":{"line":17,"column":4}},"10":{"start":{"line":15,"column":16},"end":{"line":15,"column":17}},"11":{"start":{"line":16,"column":5},"end":{"line":16,"column":36}},"12":{"start":{"line":21,"column":11},"end":{"line":21,"column":12}},"13":{"start":{"line":22,"column":11},"end":{"line":22,"column":16}},"14":{"start":{"line":24,"column":3},"end":{"line":24,"column":15}},"15":{"start":{"line":27,"column":4},"end":{"line":27,"column":18}},"16":{"start":{"line":30,"column":3},"end":{"line":30,"column":15}},"17":{"start":{"line":33,"column":3},"end":{"line":33,"column":19}},"18":{"start":{"line":36,"column":3},"end":{"line":36,"column":51}},"19":{"start":{"line":36,"column":34},"end":{"line":36,"column":51}},"20":{"start":{"line":37,"column":3},"end":{"line":37,"column":38}},"21":{"start":{"line":40,"column":3},"end":{"line":40,"column":51}},"22":{"start":{"line":40,"column":34},"end":{"line":40,"column":51}},"23":{"start":{"line":41,"column":3},"end":{"line":41,"column":38}},"24":{"start":{"line":42,"column":4},"end":{"line":42,"column":16}},"25":{"start":{"line":45,"column":3},"end":{"line":45,"column":35}},"26":{"start":{"line":45,"column":18},"end":{"line":45,"column":35}},"27":{"start":{"line":46,"column":3},"end":{"line":46,"column":28}},"28":{"start":{"line":49,"column":3},"end":{"line":49,"column":35}},"29":{"start":{"line":49,"column":18},"end":{"line":49,"column":35}},"30":{"start":{"line":50,"column":3},"end":{"line":50,"column":43}},"31":{"start":{"line":53,"column":3},"end":{"line":53,"column":41}},"32":{"start":{"line":53,"column":24},"end":{"line":53,"column":41}},"33":{"start":{"line":54,"column":3},"end":{"line":54,"column":39}},"34":{"start":{"line":57,"column":3},"end":{"line":57,"column":35}},"35":{"start":{"line":57,"column":18},"end":{"line":57,"column":35}},"36":{"start":{"line":58,"column":3},"end":{"line":58,"column":45}},"37":{"start":{"line":63,"column":3},"end":{"line":67,"column":4}},"38":{"start":{"line":64,"column":5},"end":{"line":64,"column":14}},"39":{"start":{"line":66,"column":5},"end":{"line":66,"column":25}},"40":{"start":{"line":68,"column":3},"end":{"line":68,"column":38}},"41":{"start":{"line":69,"column":17},"end":{"line":69,"column":35}},"42":{"start":{"line":70,"column":4},"end":{"line":72,"column":5}},"43":{"start":{"line":70,"column":16},"end":{"line":70,"column":17}},"44":{"start":{"line":71,"column":6},"end":{"line":71,"column":55}},"45":{"start":{"line":73,"column":4},"end":{"line":73,"column":18}},"46":{"start":{"line":74,"column":4},"end":{"line":74,"column":16}},"47":{"start":{"line":75,"column":4},"end":{"line":75,"column":20}},"48":{"start":{"line":78,"column":4},"end":{"line":87,"column":5}},"49":{"start":{"line":79,"column":19},"end":{"line":79,"column":46}},"50":{"start":{"line":80,"column":19},"end":{"line":80,"column":37}},"51":{"start":{"line":81,"column":6},"end":{"line":83,"column":7}},"52":{"start":{"line":81,"column":18},"end":{"line":81,"column":19}},"53":{"start":{"line":82,"column":8},"end":{"line":82,"column":51}},"54":{"start":{"line":84,"column":6},"end":{"line":84,"column":22}},"55":{"start":{"line":85,"column":6},"end":{"line":85,"column":20}},"56":{"start":{"line":86,"column":6},"end":{"line":86,"column":18}},"57":{"start":{"line":90,"column":4},"end":{"line":90,"column":22}},"58":{"start":{"line":93,"column":4},"end":{"line":102,"column":5}},"59":{"start":{"line":94,"column":19},"end":{"line":94,"column":53}},"60":{"start":{"line":95,"column":19},"end":{"line":95,"column":37}},"61":{"start":{"line":96,"column":6},"end":{"line":98,"column":7}},"62":{"start":{"line":96,"column":18},"end":{"line":96,"column":19}},"63":{"start":{"line":97,"column":8},"end":{"line":97,"column":57}},"64":{"start":{"line":99,"column":6},"end":{"line":99,"column":29}},"65":{"start":{"line":100,"column":6},"end":{"line":100,"column":20}},"66":{"start":{"line":101,"column":6},"end":{"line":101,"column":18}},"67":{"start":{"line":105,"column":4},"end":{"line":105,"column":13}},"68":{"start":{"line":109,"column":4},"end":{"line":111,"column":5}},"69":{"start":{"line":110,"column":6},"end":{"line":110,"column":151}},"70":{"start":{"line":112,"column":4},"end":{"line":114,"column":5}},"71":{"start":{"line":113,"column":6},"end":{"line":113,"column":129}},"72":{"start":{"line":117,"column":4},"end":{"line":207,"column":5}},"73":{"start":{"line":119,"column":6},"end":{"line":121,"column":7}},"74":{"start":{"line":120,"column":8},"end":{"line":120,"column":30}},"75":{"start":{"line":122,"column":6},"end":{"line":136,"column":7}},"76":{"start":{"line":124,"column":8},"end":{"line":126,"column":9}},"77":{"start":{"line":124,"column":20},"end":{"line":124,"column":24}},"78":{"start":{"line":125,"column":11},"end":{"line":125,"column":42}},"79":{"start":{"line":129,"column":8},"end":{"line":131,"column":9}},"80":{"start":{"line":129,"column":20},"end":{"line":129,"column":28}},"81":{"start":{"line":130,"column":10},"end":{"line":130,"column":69}},"82":{"start":{"line":133,"column":8},"end":{"line":135,"column":9}},"83":{"start":{"line":133,"column":20},"end":{"line":133,"column":21}},"84":{"start":{"line":134,"column":10},"end":{"line":134,"column":51}},"85":{"start":{"line":137,"column":6},"end":{"line":137,"column":20}},"86":{"start":{"line":138,"column":11},"end":{"line":207,"column":5}},"87":{"start":{"line":139,"column":18},"end":{"line":139,"column":40}},"88":{"start":{"line":141,"column":6},"end":{"line":143,"column":7}},"89":{"start":{"line":142,"column":8},"end":{"line":142,"column":28}},"90":{"start":{"line":144,"column":6},"end":{"line":158,"column":7}},"91":{"start":{"line":146,"column":8},"end":{"line":148,"column":9}},"92":{"start":{"line":146,"column":20},"end":{"line":146,"column":21}},"93":{"start":{"line":147,"column":10},"end":{"line":147,"column":69}},"94":{"start":{"line":151,"column":8},"end":{"line":153,"column":9}},"95":{"start":{"line":151,"column":20},"end":{"line":151,"column":28}},"96":{"start":{"line":152,"column":10},"end":{"line":152,"column":67}},"97":{"start":{"line":155,"column":8},"end":{"line":157,"column":9}},"98":{"start":{"line":155,"column":20},"end":{"line":155,"column":21}},"99":{"start":{"line":156,"column":10},"end":{"line":156,"column":70}},"100":{"start":{"line":159,"column":6},"end":{"line":159,"column":18}},"101":{"start":{"line":160,"column":11},"end":{"line":207,"column":5}},"102":{"start":{"line":161,"column":18},"end":{"line":161,"column":30}},"103":{"start":{"line":163,"column":6},"end":{"line":165,"column":7}},"104":{"start":{"line":164,"column":8},"end":{"line":164,"column":28}},"105":{"start":{"line":166,"column":6},"end":{"line":180,"column":7}},"106":{"start":{"line":168,"column":8},"end":{"line":170,"column":9}},"107":{"start":{"line":168,"column":20},"end":{"line":168,"column":21}},"108":{"start":{"line":169,"column":10},"end":{"line":169,"column":53}},"109":{"start":{"line":173,"column":8},"end":{"line":175,"column":9}},"110":{"start":{"line":173,"column":20},"end":{"line":173,"column":28}},"111":{"start":{"line":174,"column":10},"end":{"line":174,"column":67}},"112":{"start":{"line":177,"column":8},"end":{"line":179,"column":9}},"113":{"start":{"line":177,"column":20},"end":{"line":177,"column":21}},"114":{"start":{"line":178,"column":10},"end":{"line":178,"column":54}},"115":{"start":{"line":181,"column":6},"end":{"line":181,"column":18}},"116":{"start":{"line":182,"column":11},"end":{"line":207,"column":5}},"117":{"start":{"line":183,"colu
[...]
ecl":{"start":{"line":44,"column":10},"end":{"line":44,"column":15}},"loc":{"start":{"line":44,"column":17},"end":{"line":47,"column":2}},"line":44},"8":{"name":"back","decl":{"start":{"line":48,"column":10},"end":{"line":48,"column":14}},"loc":{"start":{"line":48,"column":16},"end":{"line":51,"column":2}},"line":48},"9":{"name":"pushBack","decl":{"start":{"line":52,"column":10},"end":{"line":52,"column":18}},"loc":{"start":{"line":52,"column":25},"end":{"line":55,"column":2}},"line":52},"10":{"name":"popBack","decl":{"start":{"line":56,"column":10},"end":{"line":56,"column":17}},"loc":{"start":{"line":56,"column":19},"end":{"line":59,"column":2}},"line":56},"11":{"name":"doubleCapacity","decl":{"start":{"line":60,"column":10},"end":{"line":60,"column":24}},"loc":{"start":{"line":60,"column":26},"end":{"line":76,"column":2}},"line":60},"12":{"name":"shrinkToFit","decl":{"start":{"line":77,"column":11},"end":{"line":77,"column":22}},"loc":{"start":{"line":77,"column":24},"end":{"line":88,"column":3}},"line":77},"13":{"name":"empty","decl":{"start":{"line":89,"column":11},"end":{"line":89,"column":16}},"loc":{"start":{"line":89,"column":18},"end":{"line":91,"column":3}},"line":89},"14":{"name":"reserve","decl":{"start":{"line":92,"column":11},"end":{"line":92,"column":18}},"loc":{"start":{"line":92,"column":31},"end":{"line":103,"column":3}},"line":92},"15":{"name":"clear","decl":{"start":{"line":104,"column":11},"end":{"line":104,"column":16}},"loc":{"start":{"line":104,"column":18},"end":{"line":106,"column":3}},"line":104},"16":{"name":"insert","decl":{"start":{"line":107,"column":11},"end":{"line":107,"column":17}},"loc":{"start":{"line":107,"column":50},"end":{"line":209,"column":3}},"line":107},"17":{"name":"erase","decl":{"start":{"line":210,"column":11},"end":{"line":210,"column":16}},"loc":{"start":{"line":210,"column":41},"end":{"line":229,"column":3}},"line":210},"18":{"name":"resize","decl":{"start":{"line":230,"column":11},"end":{"line":230,"column":17}},"loc":{"start":{"line":230,"column":37},"end":{"line":240,"column":3}},"line":230},"19":{"name":"swap","decl":{"start":{"line":241,"column":11},"end":{"line":241,"column":15}},"loc":{"start":{"line":241,"column":28},"end":{"line":246,"column":3}},"line":241},"20":{"name":"forEach","decl":{"start":{"line":247,"column":11},"end":{"line":247,"column":18}},"loc":{"start":{"line":247,"column":28},"end":{"line":251,"column":3}},"line":247},"21":{"name":"map","decl":{"start":{"line":252,"column":11},"end":{"line":252,"column":14}},"loc":{"start":{"line":252,"column":49},"end":{"line":258,"column":3}},"line":252},"22":{"name":"mapInPlace","decl":{"start":{"line":259,"column":11},"end":{"line":259,"column":21}},"loc":{"start":{"line":259,"column":31},"end":{"line":263,"column":3}},"line":259},"23":{"name":"reduce","decl":{"start":{"line":264,"column":11},"end":{"line":264,"column":17}},"loc":{"start":{"line":264,"column":45},"end":{"line":269,"column":3}},"line":264},"24":{"name":"reduceRight","decl":{"start":{"line":270,"column":11},"end":{"line":270,"column":22}},"loc":{"start":{"line":270,"column":50},"end":{"line":275,"column":3}},"line":270},"25":{"name":"filter","decl":{"start":{"line":277,"column":11},"end":{"line":277,"column":17}},"loc":{"start":{"line":277,"column":52},"end":{"line":297,"column":3}},"line":277},"26":{"name":"filterInPlace","decl":{"start":{"line":299,"column":11},"end":{"line":299,"column":24}},"loc":{"start":{"line":299,"column":34},"end":{"line":316,"column":3}},"line":299},"27":{"name":"(anonymous_27)","decl":{"start":{"line":349,"column":36},"end":{"line":349,"column":37}},"loc":{"start":{"line":349,"column":48},"end":{"line":353,"column":3}},"line":349}},"branchMap":{"0":{"loc":{"start":{"line":1,"column":38},"end":{"line":1,"column":48}},"type":"default-arg","locations":[{"start":{"line":1,"column":47},"end":{"line":1,"column":48}}],"line":1},"1":{"loc":{"start":{"line":1,"column":50},"end":{"line":1,"column":59}},"type":"default-arg","locations":[{"start":{"line":1,"column":58},"end":{"line":1,"column":59}}],"line":1},"2":{"loc":{"start":{"line":3,"column":1},"end":{"line":7,"column":2}},"type":"if","locations":[{"start":{"line":3,"column":1},"end":{"line":7,"column":2}},{"start":{"line":3,"column":1},"end":{"line":7,"column":2}}],"line":3},"3":{"loc":{"start":{"line":14,"column":1},"end":{"line":18,"column":2}},"type":"if","locations":[{"start":{"line":14,"column":1},"end":{"line":18,"column":2}},{"start":{"line":14,"column":1},"end":{"line":18,"column":2}}],"line":14},"4":{"loc":{"start":{"line":35,"column":13},"end":{"line":35,"column":22}},"type":"default-arg","locations":[{"start":{"line":35,"column":21},"end":{"line":35,"column":22}}],"line":35},"5":{"loc":{"start":{"line":36,"column":3},"end":{"line":36,"column":51}},"type":"if","locations":[{"start":{"line":36,"column":3},"end":{"line":36,"column":51}},{"start":{"line":36,"column":3},"end":{"line":36,"column":51}}],"line":36},"6":{"loc":{"start":{"line":36,"column":6},"end":{"line":36,"column":32}},"type":"binary-expr","locations":[{"start":{"line":36,"column":6},"end":{"line":36,"column":19}},{"start":{"line":36,"column":23},"end":{"line":36,"column":32}}],"line":36},"7":{"loc":{"start":{"line":39,"column":14},"end":{"line":39,"column":23}},"type":"default-arg","locations":[{"start":{"line":39,"column":22},"end":{"line":39,"column":23}}],"line":39},"8":{"loc":{"start":{"line":39,"column":25},"end":{"line":39,"column":34}},"type":"default-arg","locations":[{"start":{"line":39,"column":33},"end":{"line":39,"column":34}}],"line":39},"9":{"loc":{"start":{"line":40,"column":3},"end":{"line":40,"column":51}},"type":"if","locations":[{"start":{"line":40,"column":3},"end":{"line":40,"column":51}},{"start":{"line":40,"column":3},"end":{"line":40,"column":51}}],"line":40},"10":{"loc":{"start":{"line":40,"column":6},"end":{"line":40,"column":32}},"type":"binary-expr","locations":[{"start":{"line":40,"column":6},"end":{"line":40,"column":19}},{"start":{"line":40,"column":23},"end":{"line":40,"column":32}}],"line":40},"11":{"loc":{"start":{"line":45,"column":3},"end":{"line":45,"column":35}},"type":"if","locations":[{"start":{"line":45,"column":3},"end":{"line":45,"column":35}},{"start":{"line":45,"column":3},"end":{"line":45,"column":35}}],"line":45},"12":{"loc":{"start":{"line":49,"column":3},"end":{"line":49,"column":35}},"type":"if","locations":[{"start":{"line":49,"column":3},"end":{"line":49,"column":35}},{"start":{"line":49,"column":3},"end":{"line":49,"column":35}}],"line":49},"13":{"loc":{"start":{"line":53,"column":3},"end":{"line":53,"column":41}},"type":"if","locations":[{"start":{"line":53,"column":3},"end":{"line":53,"column":41}},{"start":{"line":53,"column":3},"end":{"line":53,"column":41}}],"line":53},"14":{"loc":{"start":{"line":57,"column":3},"end":{"line":57,"column":35}},"type":"if","locations":[{"start":{"line":57,"column":3},"end":{"line":57,"column":35}},{"start":{"line":57,"column":3},"end":{"line":57,"column":35}}],"line":57},"15":{"loc":{"start":{"line":63,"column":3},"end":{"line":67,"column":4}},"type":"if","locations":[{"start":{"line":63,"column":3},"end":{"line":67,"column":4}},{"start":{"line":63,"column":3},"end":{"line":67,"column":4}}],"line":63},"16":{"loc":{"start":{"line":78,"column":4},"end":{"line":87,"column":5}},"type":"if","locations":[{"start":{"line":78,"column":4},"end":{"line":87,"column":5}},{"start":{"line":78,"column":4},"end":{"line":87,"column":5}}],"line":78},"17":{"loc":{"start":{"line":93,"column":4},"end":{"line":102,"column":5}},"type":"if","locations":[{"start":{"line":93,"column":4},"end":{"line":102,"column":5}},{"start":{"line":93,"column":4},"end":{"line":102,"column":5}}],"line":93},"18":{"loc":{"start":{"line":107,"column":18},"end":{"line":107,"column":27}},"type":"default-arg","locations":[{"start":{"line":107,"column":26},"end":{"line":107,"column":27}}],"line":107},"19":{"loc":{"start":{"line":107,"column":29},"end":{"line":107,"column":38}},"type":"default-arg","locations":[{"start":{"line":107,"column":37},"end":{"line":107,"column":38}}],"line":107},"20":{"loc":{"start":{"line":107,"column":40},"end":{"line":107,"column":49}},"type":"default-arg","locations":[{"start":{"line":107,"column":48},"end":{"line":107,"column":49}}],"line":107},"21":{"loc":{"start":{"line":109,"column":4},"end":{"line":111,"column":5}},"type":"if","locations":[{"start":{"line":109,"column":4},"end":{"line":111,"column":5}},{"start":{"line":109,"column":4},"end":{"line":111,"column":5}}],"line":109},"22":{"loc":{"start":{"line":109,"column":7},"end":{"line":109,"column":32}},"type":"binary-expr","locations":[{"start":{"line":109,"column":7},"end":{"line":109,"column":19}},{"start":{"line":109,"column":23},"end":{"line":109,"column":32}}],"line":109},"23":{"loc":{"start":{"line":112,"column":4},"end":{"line":114,"column":5}},"type":"if","locations":[{"start":{"line":112,"column":4},"end":{"line":114,"column":5}},{"start":{"line":112,"column":4},"end":{"line":114,"column":5}}],"line":112},"24":{"loc":{"start":{"line":112,"column":7},"end":{"line":112,"column":35}},"type":"binary-expr","locations":[{"start":{"line":112,"column":7},"end":{"line":112,"column":16}},{"start":{"line":112,"column":20},"end":{"line":112,"column":35}}],"line":112},"25":{"loc":{"start":{"line":117,"column":4},"end":{"line":207,"column":5}},"type":"if","locations":[{"start":{"line":117,"column":4},"end":{"line":207,"column":5}},{"start":{"line":117,"column":4},"end":{"line":207,"column":5}}],"line":117},"26":{"loc":{"start":{"line":119,"column":6},"end":{"line":121,"column":7}},"type":"if","locations":[{"start":{"line":119,"column":6},"end":{"line":121,"column":7}},{"start":{"line":119,"column":6},"end":{"line":121,"column":7}}],"line":119},"27":{"loc":{"start":{"line":122,"column":6},"end":{"line":136,"column":7}},"type":"if","locations":[{"start":{"line":122,"column":6},"end":{"line":136,"column":7}},{"start":{"line":122,"column":6},"end":{"line":136,"column":7}}],"line":122},"28":{"loc":{"start":{"line":138,"column":11},"end":{"line":207,"column":5}},"type":"if","locations":[{"start":{"line":138,"column":11},"end":{"line":207,"column":5}},{"start":{"line":138,"column":11},"end":{"line":207,"column":5}}],"line":138},"29":{"loc":{"start":{"line":141,"column":6},"end":{"line":143,"column":7}},"type":"if","locations":[{"start":{"line":141,"column":6},"end":{"line":143,"column":7}},{"start":{"line":141,"column":6},"end":{"line":143,"column":7}}],"line":141},"30":{"loc":{"start":{"line":144,"column":6},"end":{"line":158,"column":7}},"type":"if","locations":[{"start":{"line":144,"column":6},"end":{"line":158,"column":7}},{"start":{"line":144,"column":6},"end":{"line":158,"column":7}}],"line":144},"31":{"loc":{"start":{"line":160,"column":11},"end":{"line":207,"column":5}},"type":"if","locations":[{"start":{"line":160,"column":11},"end":{"line":207,"column":5}},{"start":{"line":160,"column":11},"end":{"line":207,"column":5}}],"line":160},"32":{"loc":{"start":{"line":163,"column":6},"end":{"line":165,"column":7}},"type":"if","locations":[{"start":{"line":163,"column":6},"end":{"line":165,"column":7}},{"start":{"line":163,"column":6},"end":{"line":165,"column":7}}],"line":163},"33":{"loc":{"start":{"line":166,"column":6},"end":{"line":180,"column":7}},"type":"if","locations":[{"start":{"line":166,"column":6},"end":{"line":180,"column":7}},{"start":{"line":166,"column":6},"end":{"line":180,"column":7}}],"line":166},"34":{"loc":{"start":{"line":182,"column":11},"end":{"line":207,"column":5}},"type":"if","locations":[{"start":{"line":182,"column":11},"end":{"line":207,"column":5}},{"start":{"line":182,"column":11},"end":{"line":207,"column":5}}],"line":182},"35":{"loc":{"start":{"line":186,"column":6},"end":{"line":188,"column":7}},"type":"if","locations":[{"start":{"line":186,"column":6},"end":{"line":188,"column":7}},{"start":{"line":186,"column":6},"end":{"line":188,"column":7}}],"line":186},"36":{"loc":{"start":{"line":189,"column":6},"end":{"line":203,"column":7}},"type":"if","locations":[{"start":{"line":189,"column":6},"end":{"line":203,"column":7}},{"start":{"line":189,"column":6},"end":{"line":203,"column":7}}],"line":189},"37":{"loc":{"start":{"line":210,"column":17},"end":{"line":210,"column":26}},"type":"default-arg","locations":[{"start":{"line":210,"column":25},"end":{"line":210,"column":26}}],"line":210},"38":{"loc":{"start":{"line":210,"column":28},"end":{"line":210,"column":40}},"type":"default-arg","locations":[{"start":{"line":210,"column":39},"end":{"line":210,"column":40}}],"line":210},"39":{"loc":{"start":{"line":212,"column":4},"end":{"line":227,"column":5}},"type":"if","locations":[{"start":{"line":212,"column":4},"end":{"line":227,"column":5}},{"start":{"line":212,"column":4},"end":{"line":227,"column":5}}],"line":212},"40":{"loc":{"start":{"line":212,"column":7},"end":{"line":212,"column":45}},"type":"binary-expr","locations":[{"start":{"line":212,"column":7},"end":{"line":212,"column":15}},{"start":{"line":212,"column":19},"end":{"line":212,"column":29}},{"start":{"line":212,"column":33},"end":{"line":212,"column":45}}],"line":212},"41":{"loc":{"start":{"line":213,"column":6},"end":{"line":215,"column":7}},"type":"if","locations":[{"start":{"line":213,"column":6},"end":{"line":215,"column":7}},{"start":{"line":213,"column":6},"end":{"line":215,"column":7}}],"line":213},"42":{"loc":{"start":{"line":213,"column":9},"end":{"line":213,"column":70}},"type":"binary-expr","locations":[{"start":{"line":213,"column":9},"end":{"line":213,"column":21}},{"start":{"line":213,"column":25},"end":{"line":213,"column":43}},{"start":{"line":213,"column":47},"end":{"line":213,"column":70}}],"line":213},"43":{"loc":{"start":{"line":217,"column":6},"end":{"line":222,"column":7}},"type":"if","locations":[{"start":{"line":217,"column":6},"end":{"line":222,"column":7}},{"start":{"line":217,"column":6},"end":{"line":222,"column":7}}],"line":217},"44":{"loc":{"start":{"line":230,"column":27},"end":{"line":230,"column":36}},"type":"default-arg","locations":[{"start":{"line":230,"column":35},"end":{"line":230,"column":36}}],"line":230},"45":{"loc":{"start":{"line":231,"column":4},"end":{"line":233,"column":5}},"type":"if","locations":[{"start":{"line":231,"column":4},"end":{"line":233,"column":5}},{"start":{"line":231,"column":4},"end":{"line":233,"column":5}}],"line":231},"46":{"loc":{"start":{"line":234,"column":4},"end":{"line":238,"column":5}},"type":"if","locations":[{"start":{"line":234,"column":4},"end":{"line":238,"column":5}},{"start":{"line":234,"column":4},"end":{"line":238,"column":5}}],"line":234},"47":{"loc":{"start":{"line":252,"column":25},"end":{"line":252,"column":48}},"type":"default-arg","locations":[{"start":{"line":252,"column":44},"end":{"line":252,"column":48}}],"line":252},"48":{"loc":{"start":{"line":253,"column":28},"end":{"line":253,"column":62}},"type":"cond-expr","locations":[{"start":{"line":253,"column":47},"end":{"line":253,"column":55}},{"start":{"line":253,"column":58},"end":{"line":253,"column":62}}],"line":253},"49":{"loc":{"start":{"line":264,"column":28},"end":{"line":264,"column":44}},"type":"default-arg","locations":[{"start":{"line":264,"column":43},"end":{"line":264,"column":44}}],"line":264},"50":{"loc":{"start":{"line":270,"column":33},"end":{"line":270,"column":49}},"type":"default-arg","locations":[{"start":{"line":270,"column":48},"end":{"line":270,"column":49}}],"line":270},"51":{"loc":{"start":{"line":277,"column":28},"end":{"line":277,"column":51}},"type":"default-arg","locations":[{"start":{"line":277,"column":47},"end":{"line":277,"column":51}}],"line":277},"52":{"loc":{"start":{"line":278,"column":28},"end":{"line":278,"column":62}},"type":"cond-expr","locations":[{"start":{"line":278,"column":47},"end":{"line":278,"column":55}},{"start":{"line":278,"column":58},"end":{"line":278,"column":62}}],"line":278},"53":{"loc":{"start":{"line":282,"column":6},"end":{"line":293,"column":7}},"type":"if","locations":[{"start":{"line":282,"column":6},"end":{"line":293,"column":7}},{"start":{"line":282,"column":6},"end":{"line":293,"column":7}}],"line":282},"54":{"loc":{"start":{"line":284,"column":8},"end":{"line":289,"column":9}},"type":"if","locations":[{"start":{"line":284,"column":8},"end":{"line":289,"column":9}},{"start":{"line":284,"column":8},"end":{"line":289,"column":9}}],"line":284},"55":{"loc":{"start":{"line":292,"column":8},"end":{"line":292,"column":41}},"type":"if","locations":[{"start":{"line":292,"column":8},"end":{"line":292,"column":41}},{"start":{"line":292,"column":8},"end":{"line":292,"column":41}}],"line":292},"56":{"loc":{"start":{"line":303,"column":6},"end":{"line":313,"column":7}},"type":"if","locations":[{"start":{"line":303,"column":6},"end":{"line":313,"column":7}},{"start":{"line":303,"column":6},"end":{"line":313,"column":7}}],"line":303},"57":{"loc":{"start":{"line":305,"column":8},"end":{"line":308,"column":9}},"type":"if","locations":[{"start":{"line":305,"column":8},"end":{"line":308,"column":9}},{"start":{"line":305,"column":8},"end":{"line":308,"column":9}}],"line":305},"58":{"loc":{"start":{"line":312,"column":8},"end":{"line":312,"column":41}},"type":"if","locations":[{"start":{"line":312,"column":8},"end":{"line":312,"column":41}},{"start":{"line":312,"column":8},"end":{"line":312,"column":41}}],"line":312}},"s":{"0":1,"1":48,"2":1,"3":47,"4":47,"5":47,"6":47,"7":47,"8":37,"9":37,"10":185,"11":47,"12":47,"13":2,"14":2,"15":36,"16":38,"17":114,"18":7,"19":107,"20":45,"21":2,"22":43,"23":43,"24":5,"25":1,"26":4,"27":4,"28":1,"29":3,"30":8,"31":6,"32":8,"33":2,"34":1,"35":1,"36":12,"37":3,"38":9,"39":12,"40":12,"41":12,"42":12,"43":67,"44":12,"45":12,"46":12,"47":2,"48":1,"49":1,"50":1,"51":1,"52":5,"53":1,"54":1,"55":1,"56":2,"57":17,"58":16,"59":16,"60":16,"61":16,"62":72,"63":16,"64":16,"65":16,"66":1,"67":21,"68":2,"69":19,"70":2,"71":17,"72":4,"73":3,"74":4,"75":2,"76":2,"77":3,"78":2,"79":2,"80":8,"81":2,"82":2,"83":4,"84":4,"85":13,"86":4,"87":4,"88":3,"89":4,"90":2,"91":2,"92":4,"93":2,"94":2,"95":8,"96":2,"97":2,"98":4,"99":4,"100":9,"101":4,"102":4,"103":3,"104":4,"105":2,"106":2,"107":4,"108":2,"109":2,"110":8,"111":2,"112":2,"113":4,"114":4,"115":5,"116":4,"117":4,"118":4,"119":3,"120":4,"121":2,"122":2,"123":4,"124":2,"125":2,"126":8,"127":2,"128":2,"129":4,"130":4,"131":1,"132":16,"133":8,"134":6,"135":3,"136":3,"137":2,"138":2,"139":2,"140":2,"141":3,"142":2,"143":3,"144":9,"145":2,"146":9,"147":2,"148":18,"149":9,"150":1,"151":1,"152":1,"153":1,"154":1,"155":1,"156":4,"157":2,"158":2,"159":2,"160":6,"161":2,"162":1,"163":1,"164":3,"165":2,"166":2,"167":6,"168":2,"169":2,"170":2,"171":6,"172":2,"173":2,"174":2,"175":2,"176":2,"177":2,"178":10,"179":6,"180":4,"181":4,"182":2,"183":6,"184":4,"185":2,"186":2,"187":2,"188":1,"189":1,"190":1,"191":1,"192":5,"193":3,"194":2,"195":2,"196":2,"197":2,"198":1,"199":1,"200":47,"201":47,"202":1,"203":1,"204":3,"205":47,"206":47},"f":{"0":48,"1":2,"2":2,"3":36,"4":38,"5":114,"6":45,"7":5,"8":4,"9":8,"10":2,"11":12,"12":2,"13":2,"14":17,"15":1,"16":21,"17":8,"18":9,"19":1,"20":1,"21":2,"22":1,"23":2,"24":2,"25":2,"26":1,"27":1},"b":{"0":[10],"1":[12],"2":[1,47],"3":[37,10],"4":[3],"5":[7,107],"6":[114,108],"7":[1],"8":[4],"9":[2,43],"10":[45,44],"11":[1,4],"12":[1,3],"13":[6,2],"14":[1,1],"15":[3,9],"16":[1,1],"17":[16,1],"18":[1],"19":[3],"20":[16],"21":[2,19],"22":[21,20],"23":[2,17],"24":[19,18],"25":[4,13],"26":[3,1],"27":[2,2],"28":[4,9],"29":[3,1],"30":[2,2],"31":[4,5],"32":[3,1],"33":[2,2],"34":[4,1],"35":[3,1],"36":[2,2],"37":[2],"38":[3],"39":[6,2],"40":[8,6,6],"41":[3,3],"42":[6,5,4],"43":[2,1],"44":[8],"45":[2,7],"46":[2,7],"47":[1],"48":[1,1],"49":[1],"50":[1],"51":[1],"52":[1,1],"53":[6,4],"54":[4,2],"55":[2,2],"56":[3,2],"57":[2,1],"58":[1,1]},"_coverageSchema":"1a1c01bbd47fc00a2c39e90264f33305004495a9","hash":"7f2a15fcdb4264c9779a001cb9d4752fed2b8788","contentHash":"ebc1cc3cc65fb30b91237d1ea4458716496272005b72f122ad671445fd76aa24"}}